This is XeTeX, Version 3.14159265-2.6-0.999992 (TeX Live 2020/W32TeX) (preloaded format=xelatex 2021.3.21)  24 APR 2021 13:23
entering extended mode
 restricted \write18 enabled.
 %&-line parsing enabled.
**_main.tex
(./_main.tex
LaTeX2e <2020-10-01> patch level 4
L3 programming layer <2021-02-18> (c:/Users/JakeL/AppData/Roaming/TinyTeX/texmf
-dist/tex/latex/base/book.cls
Document Class: book 2020/04/10 v1.4m Standard LaTeX document class
(c:/Users/JakeL/AppData/Roaming/TinyTeX/texmf-dist/tex/latex/base/bk10.clo
File: bk10.clo 2020/04/10 v1.4m Standard LaTeX file (size option)
)
\c@part=\count175
\c@chapter=\count176
\c@section=\count177
\c@subsection=\count178
\c@subsubsection=\count179
\c@paragraph=\count180
\c@subparagraph=\count181
\c@figure=\count182
\c@table=\count183
\abovecaptionskip=\skip47
\belowcaptionskip=\skip48
\bibindent=\dimen138
)
(c:/Users/JakeL/AppData/Roaming/TinyTeX/texmf-dist/tex/latex/amsmath/amsmath.st
y
Package: amsmath 2020/09/23 v2.17i AMS math features
\@mathmargin=\skip49
For additional information on amsmath, use the `?' option.

(c:/Users/JakeL/AppData/Roaming/TinyTeX/texmf-dist/tex/latex/amsmath/amstext.st
y
Package: amstext 2000/06/29 v2.01 AMS text

(c:/Users/JakeL/AppData/Roaming/TinyTeX/texmf-dist/tex/latex/amsmath/amsgen.sty
File: amsgen.sty 1999/11/30 v2.0 generic functions
\@emptytoks=\toks15
\ex@=\dimen139
))
(c:/Users/JakeL/AppData/Roaming/TinyTeX/texmf-dist/tex/latex/amsmath/amsbsy.sty
Package: amsbsy 1999/11/29 v1.2d Bold Symbols
\pmbraise@=\dimen140
)
(c:/Users/JakeL/AppData/Roaming/TinyTeX/texmf-dist/tex/latex/amsmath/amsopn.sty
Package: amsopn 2016/03/08 v2.02 operator names
)
\inf@bad=\count184
LaTeX Info: Redefining \frac on input line 234.
\uproot@=\count185
\leftroot@=\count186
LaTeX Info: Redefining \overline on input line 399.
\classnum@=\count187
\DOTSCASE@=\count188
LaTeX Info: Redefining \ldots on input line 496.
LaTeX Info: Redefining \dots on input line 499.
LaTeX Info: Redefining \cdots on input line 620.
\Mathstrutbox@=\box47
\strutbox@=\box48
\big@size=\dimen141
LaTeX Font Info:    Redeclaring font encoding OML on input line 743.
LaTeX Font Info:    Redeclaring font encoding OMS on input line 744.
\macc@depth=\count189
\c@MaxMatrixCols=\count190
\dotsspace@=\muskip16
\c@parentequation=\count191
\dspbrk@lvl=\count192
\tag@help=\toks16
\row@=\count193
\column@=\count194
\maxfields@=\count195
\andhelp@=\toks17
\eqnshift@=\dimen142
\alignsep@=\dimen143
\tagshift@=\dimen144
\tagwidth@=\dimen145
\totwidth@=\dimen146
\lineht@=\dimen147
\@envbody=\toks18
\multlinegap=\skip50
\multlinetaggap=\skip51
\mathdisplay@stack=\toks19
LaTeX Info: Redefining \[ on input line 2923.
LaTeX Info: Redefining \] on input line 2924.
)
(c:/Users/JakeL/AppData/Roaming/TinyTeX/texmf-dist/tex/latex/amsfonts/amssymb.s
ty
Package: amssymb 2013/01/14 v3.01 AMS font symbols

(c:/Users/JakeL/AppData/Roaming/TinyTeX/texmf-dist/tex/latex/amsfonts/amsfonts.
sty
Package: amsfonts 2013/01/14 v3.01 Basic AMSFonts support
\symAMSa=\mathgroup4
\symAMSb=\mathgroup5
LaTeX Font Info:    Redeclaring math symbol \hbar on input line 98.
LaTeX Font Info:    Overwriting math alphabet `\mathfrak' in version `bold'
(Font)                  U/euf/m/n --> U/euf/b/n on input line 106.
)) (c:/Users/JakeL/AppData/Roaming/TinyTeX/texmf-dist/tex/latex/lm/lmodern.sty
Package: lmodern 2009/10/30 v1.6 Latin Modern Fonts
LaTeX Font Info:    Overwriting symbol font `operators' in version `normal'
(Font)                  OT1/cmr/m/n --> OT1/lmr/m/n on input line 22.
LaTeX Font Info:    Overwriting symbol font `letters' in version `normal'
(Font)                  OML/cmm/m/it --> OML/lmm/m/it on input line 23.
LaTeX Font Info:    Overwriting symbol font `symbols' in version `normal'
(Font)                  OMS/cmsy/m/n --> OMS/lmsy/m/n on input line 24.
LaTeX Font Info:    Overwriting symbol font `largesymbols' in version `normal'
(Font)                  OMX/cmex/m/n --> OMX/lmex/m/n on input line 25.
LaTeX Font Info:    Overwriting symbol font `operators' in version `bold'
(Font)                  OT1/cmr/bx/n --> OT1/lmr/bx/n on input line 26.
LaTeX Font Info:    Overwriting symbol font `letters' in version `bold'
(Font)                  OML/cmm/b/it --> OML/lmm/b/it on input line 27.
LaTeX Font Info:    Overwriting symbol font `symbols' in version `bold'
(Font)                  OMS/cmsy/b/n --> OMS/lmsy/b/n on input line 28.
LaTeX Font Info:    Overwriting symbol font `largesymbols' in version `bold'
(Font)                  OMX/cmex/m/n --> OMX/lmex/m/n on input line 29.
LaTeX Font Info:    Overwriting math alphabet `\mathbf' in version `normal'
(Font)                  OT1/cmr/bx/n --> OT1/lmr/bx/n on input line 31.
LaTeX Font Info:    Overwriting math alphabet `\mathsf' in version `normal'
(Font)                  OT1/cmss/m/n --> OT1/lmss/m/n on input line 32.
LaTeX Font Info:    Overwriting math alphabet `\mathit' in version `normal'
(Font)                  OT1/cmr/m/it --> OT1/lmr/m/it on input line 33.
LaTeX Font Info:    Overwriting math alphabet `\mathtt' in version `normal'
(Font)                  OT1/cmtt/m/n --> OT1/lmtt/m/n on input line 34.
LaTeX Font Info:    Overwriting math alphabet `\mathbf' in version `bold'
(Font)                  OT1/cmr/bx/n --> OT1/lmr/bx/n on input line 35.
LaTeX Font Info:    Overwriting math alphabet `\mathsf' in version `bold'
(Font)                  OT1/cmss/bx/n --> OT1/lmss/bx/n on input line 36.
LaTeX Font Info:    Overwriting math alphabet `\mathit' in version `bold'
(Font)                  OT1/cmr/bx/it --> OT1/lmr/bx/it on input line 37.
LaTeX Font Info:    Overwriting math alphabet `\mathtt' in version `bold'
(Font)                  OT1/cmtt/m/n --> OT1/lmtt/m/n on input line 38.
)
(c:/Users/JakeL/AppData/Roaming/TinyTeX/texmf-dist/tex/generic/iftex/ifxetex.st
y
Package: ifxetex 2019/10/25 v0.7 ifxetex legacy package. Use iftex instead.
(c:/Users/JakeL/AppData/Roaming/TinyTeX/texmf-dist/tex/generic/iftex/iftex.sty
Package: iftex 2020/03/06 v1.0d TeX engine tests
))
(c:/Users/JakeL/AppData/Roaming/TinyTeX/texmf-dist/tex/generic/iftex/ifluatex.s
ty
Package: ifluatex 2019/10/25 v1.5 ifluatex legacy package. Use iftex instead.
)
(c:/Users/JakeL/AppData/Roaming/TinyTeX/texmf-dist/tex/latex/unicode-math/unico
de-math.sty
(c:/Users/JakeL/AppData/Roaming/TinyTeX/texmf-dist/tex/latex/l3kernel/expl3.sty
Package: expl3 2021-02-18 L3 programming layer (loader) 

(c:/Users/JakeL/AppData/Roaming/TinyTeX/texmf-dist/tex/latex/l3backend/l3backen
d-xetex.def
File: l3backend-xetex.def 2021-03-18 L3 backend support: XeTeX
(|extractbb --version)
\c__kernel_sys_dvipdfmx_version_int=\count196
\l__color_backend_stack_int=\count197
\g__color_backend_stack_int=\count198
\g__graphics_track_int=\count199
\l__pdf_internal_box=\box49
\g__pdf_backend_object_int=\count266
\g__pdf_backend_annotation_int=\count267
\g__pdf_backend_link_int=\count268
))
Package: unicode-math 2020/01/31 v0.8q Unicode maths in XeLaTeX and LuaLaTeX

(c:/Users/JakeL/AppData/Roaming/TinyTeX/texmf-dist/tex/latex/unicode-math/unico
de-math-xetex.sty
Package: unicode-math-xetex 2020/01/31 v0.8q Unicode maths in XeLaTeX and LuaLa
TeX

(c:/Users/JakeL/AppData/Roaming/TinyTeX/texmf-dist/tex/latex/l3packages/xparse/
xparse.sty
(c:/Users/JakeL/AppData/Roaming/TinyTeX/texmf-dist/tex/latex/l3packages/xparse/
xparse-2020-10-01.sty
(c:/Users/JakeL/AppData/Roaming/TinyTeX/texmf-dist/tex/latex/l3packages/xparse/
xparse-generic.tex)))
(c:/Users/JakeL/AppData/Roaming/TinyTeX/texmf-dist/tex/latex/l3packages/l3keys2
e/l3keys2e.sty
Package: l3keys2e 2021-03-12 LaTeX2e option processing using LaTeX3 keys
)
(c:/Users/JakeL/AppData/Roaming/TinyTeX/texmf-dist/tex/latex/fontspec/fontspec.
sty
Package: fontspec 2020/02/21 v2.7i Font selection for XeLaTeX and LuaLaTeX

(c:/Users/JakeL/AppData/Roaming/TinyTeX/texmf-dist/tex/latex/fontspec/fontspec-
xetex.sty
Package: fontspec-xetex 2020/02/21 v2.7i Font selection for XeLaTeX and LuaLaTe
X
\l__fontspec_script_int=\count269
\l__fontspec_language_int=\count270
\l__fontspec_strnum_int=\count271
\l__fontspec_tmp_int=\count272
\l__fontspec_tmpa_int=\count273
\l__fontspec_tmpb_int=\count274
\l__fontspec_tmpc_int=\count275
\l__fontspec_em_int=\count276
\l__fontspec_emdef_int=\count277
\l__fontspec_strong_int=\count278
\l__fontspec_strongdef_int=\count279
\l__fontspec_tmpa_dim=\dimen148
\l__fontspec_tmpb_dim=\dimen149
\l__fontspec_tmpc_dim=\dimen150
(c:/Users/JakeL/AppData/Roaming/TinyTeX/texmf-dist/tex/latex/base/fontenc.sty
Package: fontenc 2020/08/10 v2.0s Standard LaTeX package
)
(c:/Users/JakeL/AppData/Roaming/TinyTeX/texmf-dist/tex/latex/fontspec/fontspec.
cfg))) (c:/Users/JakeL/AppData/Roaming/TinyTeX/texmf-dist/tex/latex/base/fix-cm
.sty
Package: fix-cm 2015/01/14 v1.1t fixes to LaTeX
(c:/Users/JakeL/AppData/Roaming/TinyTeX/texmf-dist/tex/latex/base/ts1enc.def
File: ts1enc.def 2001/06/05 v3.0e (jk/car/fm) Standard LaTeX file
LaTeX Font Info:    Redeclaring font encoding TS1 on input line 47.
))
\g__um_fam_int=\count280
\g__um_fonts_used_int=\count281
\l__um_primecount_int=\count282
\g__um_primekern_muskip=\muskip17

(c:/Users/JakeL/AppData/Roaming/TinyTeX/texmf-dist/tex/latex/unicode-math/unico
de-math-table.tex))) (c:/Users/JakeL/AppData/Roaming/TinyTeX/texmf-dist/tex/lat
ex/xcolor/xcolor.sty
Package: xcolor 2016/05/11 v2.12 LaTeX color extensions (UK)

(c:/Users/JakeL/AppData/Roaming/TinyTeX/texmf-dist/tex/latex/graphics-cfg/color
.cfg
File: color.cfg 2016/01/02 v1.6 sample color configuration
)
Package xcolor Info: Driver file: xetex.def on input line 225.

(c:/Users/JakeL/AppData/Roaming/TinyTeX/texmf-dist/tex/latex/graphics-def/xetex
.def
File: xetex.def 2020/08/26 v5.0i Graphics/color driver for xetex
)
Package xcolor Info: Model `cmy' substituted by `cmy0' on input line 1348.
Package xcolor Info: Model `RGB' extended on input line 1364.
Package xcolor Info: Model `HTML' substituted by `rgb' on input line 1366.
Package xcolor Info: Model `Hsb' substituted by `hsb' on input line 1367.
Package xcolor Info: Model `tHsb' substituted by `hsb' on input line 1368.
Package xcolor Info: Model `HSB' substituted by `hsb' on input line 1369.
Package xcolor Info: Model `Gray' substituted by `gray' on input line 1370.
Package xcolor Info: Model `wave' substituted by `hsb' on input line 1371.
)
(c:/Users/JakeL/AppData/Roaming/TinyTeX/texmf-dist/tex/latex/hyperref/hyperref.
sty
Package: hyperref 2021-02-27 v7.00k Hypertext links for LaTeX

(c:/Users/JakeL/AppData/Roaming/TinyTeX/texmf-dist/tex/generic/ltxcmds/ltxcmds.
sty
Package: ltxcmds 2020-05-10 v1.25 LaTeX kernel commands for general use (HO)
)
(c:/Users/JakeL/AppData/Roaming/TinyTeX/texmf-dist/tex/generic/pdftexcmds/pdfte
xcmds.sty
Package: pdftexcmds 2020-06-27 v0.33 Utility functions of pdfTeX for LuaTeX (HO
)

(c:/Users/JakeL/AppData/Roaming/TinyTeX/texmf-dist/tex/generic/infwarerr/infwar
err.sty
Package: infwarerr 2019/12/03 v1.5 Providing info/warning/error messages (HO)
)
Package pdftexcmds Info: \pdf@primitive is available.
Package pdftexcmds Info: \pdf@ifprimitive is available.
Package pdftexcmds Info: \pdfdraftmode not found.
)
(c:/Users/JakeL/AppData/Roaming/TinyTeX/texmf-dist/tex/latex/graphics/keyval.st
y
Package: keyval 2014/10/28 v1.15 key=value parser (DPC)
\KV@toks@=\toks20
)
(c:/Users/JakeL/AppData/Roaming/TinyTeX/texmf-dist/tex/generic/kvsetkeys/kvsetk
eys.sty
Package: kvsetkeys 2019/12/15 v1.18 Key value parser (HO)
)
(c:/Users/JakeL/AppData/Roaming/TinyTeX/texmf-dist/tex/generic/kvdefinekeys/kvd
efinekeys.sty
Package: kvdefinekeys 2019-12-19 v1.6 Define keys (HO)
)
(c:/Users/JakeL/AppData/Roaming/TinyTeX/texmf-dist/tex/generic/pdfescape/pdfesc
ape.sty
Package: pdfescape 2019/12/09 v1.15 Implements pdfTeX's escape features (HO)
)
(c:/Users/JakeL/AppData/Roaming/TinyTeX/texmf-dist/tex/latex/hycolor/hycolor.st
y
Package: hycolor 2020-01-27 v1.10 Color options for hyperref/bookmark (HO)
)
(c:/Users/JakeL/AppData/Roaming/TinyTeX/texmf-dist/tex/latex/letltxmacro/letltx
macro.sty
Package: letltxmacro 2019/12/03 v1.6 Let assignment for LaTeX macros (HO)
)
(c:/Users/JakeL/AppData/Roaming/TinyTeX/texmf-dist/tex/latex/auxhook/auxhook.st
y
Package: auxhook 2019-12-17 v1.6 Hooks for auxiliary files (HO)
)
(c:/Users/JakeL/AppData/Roaming/TinyTeX/texmf-dist/tex/latex/kvoptions/kvoption
s.sty
Package: kvoptions 2020-10-07 v3.14 Key value format for package options (HO)
)
\@linkdim=\dimen151
\Hy@linkcounter=\count283
\Hy@pagecounter=\count284

(c:/Users/JakeL/AppData/Roaming/TinyTeX/texmf-dist/tex/latex/hyperref/pd1enc.de
f
File: pd1enc.def 2021-02-27 v7.00k Hyperref: PDFDocEncoding definition (HO)
)
(c:/Users/JakeL/AppData/Roaming/TinyTeX/texmf-dist/tex/latex/hyperref/hyperref-
langpatches.def
File: hyperref-langpatches.def 2021-02-27 v7.00k Hyperref: patches for babel la
nguages
)
(c:/Users/JakeL/AppData/Roaming/TinyTeX/texmf-dist/tex/generic/intcalc/intcalc.
sty
Package: intcalc 2019/12/15 v1.3 Expandable calculations with integers (HO)
)
(c:/Users/JakeL/AppData/Roaming/TinyTeX/texmf-dist/tex/generic/etexcmds/etexcmd
s.sty
Package: etexcmds 2019/12/15 v1.7 Avoid name clashes with e-TeX commands (HO)
)
\Hy@SavedSpaceFactor=\count285

(c:/Users/JakeL/AppData/Roaming/TinyTeX/texmf-dist/tex/latex/hyperref/puenc.def
File: puenc.def 2021-02-27 v7.00k Hyperref: PDF Unicode definition (HO)
)
Package hyperref Info: Option `unicode' set `true' on input line 4073.
Package hyperref Info: Hyper figures OFF on input line 4192.
Package hyperref Info: Link nesting OFF on input line 4197.
Package hyperref Info: Hyper index ON on input line 4200.
Package hyperref Info: Plain pages OFF on input line 4207.
Package hyperref Info: Backreferencing OFF on input line 4212.
Package hyperref Info: Implicit mode ON; LaTeX internals redefined.
Package hyperref Info: Bookmarks ON on input line 4445.
\c@Hy@tempcnt=\count286
(c:/Users/JakeL/AppData/Roaming/TinyTeX/texmf-dist/tex/latex/url/url.sty
\Urlmuskip=\muskip18
Package: url 2013/09/16  ver 3.4  Verb mode for urls, etc.
)
LaTeX Info: Redefining \url on input line 4804.
\XeTeXLinkMargin=\dimen152

(c:/Users/JakeL/AppData/Roaming/TinyTeX/texmf-dist/tex/generic/bitset/bitset.st
y
Package: bitset 2019/12/09 v1.3 Handle bit-vector datatype (HO)

(c:/Users/JakeL/AppData/Roaming/TinyTeX/texmf-dist/tex/generic/bigintcalc/bigin
tcalc.sty
Package: bigintcalc 2019/12/15 v1.5 Expandable calculations on big integers (HO
)
))
\Fld@menulength=\count287
\Field@Width=\dimen153
\Fld@charsize=\dimen154
Package hyperref Info: Hyper figures OFF on input line 6075.
Package hyperref Info: Link nesting OFF on input line 6080.
Package hyperref Info: Hyper index ON on input line 6083.
Package hyperref Info: backreferencing OFF on input line 6090.
Package hyperref Info: Link coloring OFF on input line 6095.
Package hyperref Info: Link coloring with OCG OFF on input line 6100.
Package hyperref Info: PDF/A mode OFF on input line 6105.
LaTeX Info: Redefining \ref on input line 6145.
LaTeX Info: Redefining \pageref on input line 6149.

(c:/Users/JakeL/AppData/Roaming/TinyTeX/texmf-dist/tex/latex/base/atbegshi-ltx.
sty
Package: atbegshi-ltx 2020/08/17 v1.0a Emulation of the original atbegshi packa
ge
with kernel methods
)
\Hy@abspage=\count288
\c@Item=\count289
\c@Hfootnote=\count290
)
Package hyperref Info: Driver (autodetected): hxetex.

(c:/Users/JakeL/AppData/Roaming/TinyTeX/texmf-dist/tex/latex/hyperref/hxetex.de
f
File: hxetex.def 2021-02-27 v7.00k Hyperref driver for XeTeX

(c:/Users/JakeL/AppData/Roaming/TinyTeX/texmf-dist/tex/generic/stringenc/string
enc.sty
Package: stringenc 2019/11/29 v1.12 Convert strings between diff. encodings (HO
)
)
\pdfm@box=\box50
\c@Hy@AnnotLevel=\count291
\HyField@AnnotCount=\count292
\Fld@listcount=\count293
\c@bookmark@seq@number=\count294

(c:/Users/JakeL/AppData/Roaming/TinyTeX/texmf-dist/tex/latex/rerunfilecheck/rer
unfilecheck.sty
Package: rerunfilecheck 2019/12/05 v1.9 Rerun checks for auxiliary files (HO)

(c:/Users/JakeL/AppData/Roaming/TinyTeX/texmf-dist/tex/latex/base/atveryend-ltx
.sty
Package: atveryend-ltx 2020/08/19 v1.0a Emulation of the original atvery packag
e
with kernel methods
)
(c:/Users/JakeL/AppData/Roaming/TinyTeX/texmf-dist/tex/generic/uniquecounter/un
iquecounter.sty
Package: uniquecounter 2019/12/15 v1.4 Provide unlimited unique counter (HO)
)
Package uniquecounter Info: New unique counter `rerunfilecheck' on input line 2
86.
)
\Hy@SectionHShift=\skip52
)
(c:/Users/JakeL/AppData/Roaming/TinyTeX/texmf-dist/tex/latex/fancyvrb/fancyvrb.
sty
Package: fancyvrb 2021/01/20 v3.7 verbatim text (tvz,hv)
\FV@CodeLineNo=\count295
\FV@InFile=\read2
\FV@TabBox=\box51
\c@FancyVerbLine=\count296
\FV@StepNumber=\count297
\FV@OutFile=\write3
) (c:/Users/JakeL/AppData/Roaming/TinyTeX/texmf-dist/tex/latex/framed/framed.st
y
Package: framed 2011/10/22 v 0.96: framed or shaded text with page breaks
\OuterFrameSep=\skip53
\fb@frw=\dimen155
\fb@frh=\dimen156
\FrameRule=\dimen157
\FrameSep=\dimen158
)
(c:/Users/JakeL/AppData/Roaming/TinyTeX/texmf-dist/tex/latex/tools/longtable.st
y
Package: longtable 2020/01/07 v4.13 Multi-page Table package (DPC)
\LTleft=\skip54
\LTright=\skip55
\LTpre=\skip56
\LTpost=\skip57
\LTchunksize=\count298
\LTcapwidth=\dimen159
\LT@head=\box52
\LT@firsthead=\box53
\LT@foot=\box54
\LT@lastfoot=\box55
\LT@cols=\count299
\LT@rows=\count300
\c@LT@tables=\count301
\c@LT@chunks=\count302
\LT@p@ftn=\toks21
)
(c:/Users/JakeL/AppData/Roaming/TinyTeX/texmf-dist/tex/latex/booktabs/booktabs.
sty
Package: booktabs 2020/01/12 v1.61803398 Publication quality tables
\heavyrulewidth=\dimen160
\lightrulewidth=\dimen161
\cmidrulewidth=\dimen162
\belowrulesep=\dimen163
\belowbottomsep=\dimen164
\aboverulesep=\dimen165
\abovetopsep=\dimen166
\cmidrulesep=\dimen167
\cmidrulekern=\dimen168
\defaultaddspace=\dimen169
\@cmidla=\count303
\@cmidlb=\count304
\@aboverulesep=\dimen170
\@belowrulesep=\dimen171
\@thisruleclass=\count305
\@lastruleclass=\count306
\@thisrulewidth=\dimen172
) (c:/Users/JakeL/AppData/Roaming/TinyTeX/texmf-dist/tex/latex/tools/array.sty
Package: array 2020/10/01 v2.5c Tabular extension package (FMi)
\col@sep=\dimen173
\ar@mcellbox=\box56
\extrarowheight=\dimen174
\NC@list=\toks22
\extratabsurround=\skip58
\backup@length=\skip59
\ar@cellbox=\box57
) (c:/Users/JakeL/AppData/Roaming/TinyTeX/texmf-dist/tex/latex/tools/calc.sty
Package: calc 2017/05/25 v4.3 Infix arithmetic (KKT,FJ)
\calc@Acount=\count307
\calc@Bcount=\count308
\calc@Adimen=\dimen175
\calc@Bdimen=\dimen176
\calc@Askip=\skip60
\calc@Bskip=\skip61
LaTeX Info: Redefining \setlength on input line 80.
LaTeX Info: Redefining \addtolength on input line 81.
\calc@Ccount=\count309
\calc@Cskip=\skip62
)
(c:/Users/JakeL/AppData/Roaming/TinyTeX/texmf-dist/tex/latex/etoolbox/etoolbox.
sty
Package: etoolbox 2020/10/05 v2.5k e-TeX tools for LaTeX (JAW)
\etb@tempcnta=\count310
)
(c:/Users/JakeL/AppData/Roaming/TinyTeX/texmf-dist/tex/latex/mdwtools/footnote.
sty
Package: footnote 1997/01/28 1.13 Save footnotes around boxes
\fn@notes=\box58
\fn@width=\dimen177
)
(c:/Users/JakeL/AppData/Roaming/TinyTeX/texmf-dist/tex/latex/graphics/graphicx.
sty
Package: graphicx 2020/09/09 v1.2b Enhanced LaTeX Graphics (DPC,SPQR)

(c:/Users/JakeL/AppData/Roaming/TinyTeX/texmf-dist/tex/latex/graphics/graphics.
sty
Package: graphics 2020/08/30 v1.4c Standard LaTeX Graphics (DPC,SPQR)
(c:/Users/JakeL/AppData/Roaming/TinyTeX/texmf-dist/tex/latex/graphics/trig.sty
Package: trig 2016/01/03 v1.10 sin cos tan (DPC)
)
(c:/Users/JakeL/AppData/Roaming/TinyTeX/texmf-dist/tex/latex/graphics-cfg/graph
ics.cfg
File: graphics.cfg 2016/06/04 v1.11 sample graphics configuration
)
Package graphics Info: Driver file: xetex.def on input line 105.
)
\Gin@req@height=\dimen178
\Gin@req@width=\dimen179
) (c:/Users/JakeL/AppData/Roaming/TinyTeX/texmf-dist/tex/latex/amscls/amsthm.st
y
Package: amsthm 2020/05/29 v2.20.6
\thm@style=\toks23
\thm@bodyfont=\toks24
\thm@headfont=\toks25
\thm@notefont=\toks26
\thm@headpunct=\toks27
\thm@preskip=\skip63
\thm@postskip=\skip64
\thm@headsep=\skip65
\dth@everypar=\toks28
) (c:/Users/JakeL/AppData/Roaming/TinyTeX/texmf-dist/tex/latex/natbib/natbib.st
y
Package: natbib 2010/09/13 8.31b (PWD, AO)
\bibhang=\skip66
\bibsep=\skip67
LaTeX Info: Redefining \cite on input line 694.
\c@NAT@ctr=\count311
) (./_main.aux)
\openout1 = `_main.aux'.

LaTeX Font Info:    Checking defaults for OML/cmm/m/it on input line 129.
LaTeX Font Info:    ... okay on input line 129.
LaTeX Font Info:    Checking defaults for OMS/cmsy/m/n on input line 129.
LaTeX Font Info:    ... okay on input line 129.
LaTeX Font Info:    Checking defaults for OT1/cmr/m/n on input line 129.
LaTeX Font Info:    ... okay on input line 129.
LaTeX Font Info:    Checking defaults for T1/cmr/m/n on input line 129.
LaTeX Font Info:    ... okay on input line 129.
LaTeX Font Info:    Checking defaults for TS1/cmr/m/n on input line 129.
LaTeX Font Info:    ... okay on input line 129.
LaTeX Font Info:    Checking defaults for TU/lmr/m/n on input line 129.
LaTeX Font Info:    ... okay on input line 129.
LaTeX Font Info:    Checking defaults for OMX/cmex/m/n on input line 129.
LaTeX Font Info:    ... okay on input line 129.
LaTeX Font Info:    Checking defaults for U/cmr/m/n on input line 129.
LaTeX Font Info:    ... okay on input line 129.
LaTeX Font Info:    Checking defaults for PD1/pdf/m/n on input line 129.
LaTeX Font Info:    ... okay on input line 129.
LaTeX Font Info:    Checking defaults for PU/pdf/m/n on input line 129.
LaTeX Font Info:    ... okay on input line 129.
LaTeX Font Info:    Overwriting math alphabet `\mathrm' in version `normal'
(Font)                  OT1/lmr/m/n --> TU/lmr/m/n on input line 129.
LaTeX Font Info:    Overwriting math alphabet `\mathit' in version `normal'
(Font)                  OT1/lmr/m/it --> TU/lmr/m/it on input line 129.
LaTeX Font Info:    Overwriting math alphabet `\mathbf' in version `normal'
(Font)                  OT1/lmr/bx/n --> TU/lmr/bx/n on input line 129.
LaTeX Font Info:    Overwriting math alphabet `\mathsf' in version `normal'
(Font)                  OT1/lmss/m/n --> TU/lmss/m/n on input line 129.
LaTeX Font Info:    Overwriting math alphabet `\mathsf' in version `bold'
(Font)                  OT1/lmss/bx/n --> TU/lmss/bx/n on input line 129.
LaTeX Font Info:    Overwriting math alphabet `\mathtt' in version `normal'
(Font)                  OT1/lmtt/m/n --> TU/lmtt/m/n on input line 129.
LaTeX Font Info:    Overwriting math alphabet `\mathtt' in version `bold'
(Font)                  OT1/lmtt/m/n --> TU/lmtt/bx/n on input line 129.

Package fontspec Info: latinmodern-math scale = 0.9999964596882403.


Package fontspec Info: latinmodern-math scale = 0.9999964596882403.


Package fontspec Info: latinmodern-math scale = 0.9999964596882403.


Package fontspec Info: Font family 'latinmodern-math.otf(0)' created for font
(fontspec)             'latinmodern-math.otf' with options
(fontspec)             [Scale=MatchLowercase,BoldItalicFont={},ItalicFont={},Sm
allCapsFont={},Script=Math,BoldFont={latinmodern-math.otf}].
(fontspec)              
(fontspec)              This font family consists of the following NFSS
(fontspec)             series/shapes:
(fontspec)              
(fontspec)             - 'normal' (m/n) with NFSS spec.:
(fontspec)             <->s*[0.9999964596882403]"[latinmodern-math.otf]/OT:scri
pt=math;language=dflt;"
(fontspec)             - 'small caps'  (m/sc) with NFSS spec.: 
(fontspec)             - 'bold' (b/n) with NFSS spec.:
(fontspec)             <->s*[0.9999964596882403]"[latinmodern-math.otf]/OT:scri
pt=math;language=dflt;"
(fontspec)             - 'bold small caps'  (b/sc) with NFSS spec.: 

LaTeX Font Info:    Font shape `TU/latinmodern-math.otf(0)/m/n' will be
(Font)              scaled to size 10.0pt on input line 129.

Package fontspec Info: latinmodern-math scale = 0.9999964596882403.


Package fontspec Info: latinmodern-math scale = 0.9999964596882403.


Package fontspec Info: latinmodern-math scale = 0.9999964596882403.


Package fontspec Info: latinmodern-math scale = 0.9999964596882403.


Package fontspec Info: latinmodern-math scale = 0.9999964596882403.


Package fontspec Info: Font family 'latinmodern-math.otf(1)' created for font
(fontspec)             'latinmodern-math.otf' with options
(fontspec)             [Scale=MatchLowercase,BoldItalicFont={},ItalicFont={},Sm
allCapsFont={},Script=Math,SizeFeatures={{Size=8.5-},{Size=6-8.5,Font=latinmode
rn-math.otf,Style=MathScript},{Size=-6,Font=latinmodern-math.otf,Style=MathScri
ptScript}},BoldFont={latinmodern-math.otf}].
(fontspec)              
(fontspec)              This font family consists of the following NFSS
(fontspec)             series/shapes:
(fontspec)              
(fontspec)             - 'normal' (m/n) with NFSS spec.:
(fontspec)             <8.5->s*[0.9999964596882403]"[latinmodern-math.otf]/OT:s
cript=math;language=dflt;"<6-8.5>s*[0.9999964596882403]"[latinmodern-math.otf]/
OT:script=math;language=dflt;+ssty=0;"<-6>s*[0.9999964596882403]"[latinmodern-m
ath.otf]/OT:script=math;language=dflt;+ssty=1;"
(fontspec)             - 'small caps'  (m/sc) with NFSS spec.: 
(fontspec)             - 'bold' (b/n) with NFSS spec.:
(fontspec)             <->s*[0.9999964596882403]"[latinmodern-math.otf]/OT:scri
pt=math;language=dflt;"
(fontspec)             - 'bold small caps'  (b/sc) with NFSS spec.: 

LaTeX Font Info:    Font shape `TU/latinmodern-math.otf(1)/m/n' will be
(Font)              scaled to size 10.0pt on input line 129.
LaTeX Font Info:    Encoding `OT1' has changed to `TU' for symbol font
(Font)              `operators' in the math version `normal' on input line 129.

LaTeX Font Info:    Overwriting symbol font `operators' in version `normal'
(Font)                  OT1/lmr/m/n --> TU/latinmodern-math.otf(1)/m/n on input
 line 129.
LaTeX Font Info:    Encoding `OT1' has changed to `TU' for symbol font
(Font)              `operators' in the math version `bold' on input line 129.
LaTeX Font Info:    Overwriting symbol font `operators' in version `bold'
(Font)                  OT1/lmr/bx/n --> TU/latinmodern-math.otf(1)/b/n on inpu
t line 129.

Package fontspec Info: latinmodern-math scale = 0.9999964596882403.


Package fontspec Info: latinmodern-math scale = 1.000096459334209.


Package fontspec Info: latinmodern-math scale = 0.9999964596882403.


Package fontspec Info: latinmodern-math scale = 1.000096459334209.


Package fontspec Info: latinmodern-math scale = 0.9999964596882403.


Package fontspec Info: latinmodern-math scale = 1.000096459334209.


Package fontspec Info: latinmodern-math scale = 0.9999964596882403.


Package fontspec Info: latinmodern-math scale = 1.000096459334209.


Package fontspec Info: latinmodern-math scale = 0.9999964596882403.


Package fontspec Info: latinmodern-math scale = 1.000096459334209.


Package fontspec Info: Font family 'latinmodern-math.otf(2)' created for font
(fontspec)             'latinmodern-math.otf' with options
(fontspec)             [Scale=MatchLowercase,BoldItalicFont={},ItalicFont={},Sm
allCapsFont={},Script=Math,SizeFeatures={{Size=8.5-},{Size=6-8.5,Font=latinmode
rn-math.otf,Style=MathScript},{Size=-6,Font=latinmodern-math.otf,Style=MathScri
ptScript}},BoldFont={latinmodern-math.otf},ScaleAgain=1.0001,FontAdjustment={\f
ontdimen
(fontspec)             8\font =6.77pt\relax \fontdimen 9\font =3.94pt\relax
(fontspec)             \fontdimen 10\font =4.44pt\relax \fontdimen 11\font
(fontspec)             =6.86pt\relax \fontdimen 12\font =3.45pt\relax
(fontspec)             \fontdimen 13\font =3.63pt\relax \fontdimen 14\font
(fontspec)             =3.63pt\relax \fontdimen 15\font =2.89pt\relax
(fontspec)             \fontdimen 16\font =2.47pt\relax \fontdimen 17\font
(fontspec)             =2.47pt\relax \fontdimen 18\font =2.5pt\relax
(fontspec)             \fontdimen 19\font =2.0pt\relax \fontdimen 22\font
(fontspec)             =2.5pt\relax \fontdimen 20\font =0pt\relax \fontdimen
(fontspec)             21\font =0pt\relax }].
(fontspec)              
(fontspec)              This font family consists of the following NFSS
(fontspec)             series/shapes:
(fontspec)              
(fontspec)             - 'normal' (m/n) with NFSS spec.:
(fontspec)             <8.5->s*[1.000096459334209]"[latinmodern-math.otf]/OT:sc
ript=math;language=dflt;"<6-8.5>s*[1.000096459334209]"[latinmodern-math.otf]/OT
:script=math;language=dflt;+ssty=0;"<-6>s*[1.000096459334209]"[latinmodern-math
.otf]/OT:script=math;language=dflt;+ssty=1;"
(fontspec)             - 'small caps'  (m/sc) with NFSS spec.: 
(fontspec)             and font adjustment code:
(fontspec)             \fontdimen 8\font =6.77pt\relax \fontdimen 9\font
(fontspec)             =3.94pt\relax \fontdimen 10\font =4.44pt\relax
(fontspec)             \fontdimen 11\font =6.86pt\relax \fontdimen 12\font
(fontspec)             =3.45pt\relax \fontdimen 13\font =3.63pt\relax
(fontspec)             \fontdimen 14\font =3.63pt\relax \fontdimen 15\font
(fontspec)             =2.89pt\relax \fontdimen 16\font =2.47pt\relax
(fontspec)             \fontdimen 17\font =2.47pt\relax \fontdimen 18\font
(fontspec)             =2.5pt\relax \fontdimen 19\font =2.0pt\relax \fontdimen
(fontspec)             22\font =2.5pt\relax \fontdimen 20\font =0pt\relax
(fontspec)             \fontdimen 21\font =0pt\relax 
(fontspec)             - 'bold' (b/n) with NFSS spec.:
(fontspec)             <->s*[1.000096459334209]"[latinmodern-math.otf]/OT:scrip
t=math;language=dflt;"
(fontspec)             - 'bold small caps'  (b/sc) with NFSS spec.: 
(fontspec)             and font adjustment code:
(fontspec)             \fontdimen 8\font =6.77pt\relax \fontdimen 9\font
(fontspec)             =3.94pt\relax \fontdimen 10\font =4.44pt\relax
(fontspec)             \fontdimen 11\font =6.86pt\relax \fontdimen 12\font
(fontspec)             =3.45pt\relax \fontdimen 13\font =3.63pt\relax
(fontspec)             \fontdimen 14\font =3.63pt\relax \fontdimen 15\font
(fontspec)             =2.89pt\relax \fontdimen 16\font =2.47pt\relax
(fontspec)             \fontdimen 17\font =2.47pt\relax \fontdimen 18\font
(fontspec)             =2.5pt\relax \fontdimen 19\font =2.0pt\relax \fontdimen
(fontspec)             22\font =2.5pt\relax \fontdimen 20\font =0pt\relax
(fontspec)             \fontdimen 21\font =0pt\relax 

LaTeX Font Info:    Encoding `OMS' has changed to `TU' for symbol font
(Font)              `symbols' in the math version `normal' on input line 129.
LaTeX Font Info:    Overwriting symbol font `symbols' in version `normal'
(Font)                  OMS/lmsy/m/n --> TU/latinmodern-math.otf(2)/m/n on inpu
t line 129.
LaTeX Font Info:    Encoding `OMS' has changed to `TU' for symbol font
(Font)              `symbols' in the math version `bold' on input line 129.
LaTeX Font Info:    Overwriting symbol font `symbols' in version `bold'
(Font)                  OMS/lmsy/b/n --> TU/latinmodern-math.otf(2)/b/n on inpu
t line 129.

Package fontspec Info: latinmodern-math scale = 0.9999964596882403.


Package fontspec Info: latinmodern-math scale = 0.9998964600422715.


Package fontspec Info: latinmodern-math scale = 0.9999964596882403.


Package fontspec Info: latinmodern-math scale = 0.9998964600422715.


Package fontspec Info: latinmodern-math scale = 0.9999964596882403.


Package fontspec Info: latinmodern-math scale = 0.9998964600422715.


Package fontspec Info: latinmodern-math scale = 0.9999964596882403.


Package fontspec Info: latinmodern-math scale = 0.9998964600422715.


Package fontspec Info: latinmodern-math scale = 0.9999964596882403.


Package fontspec Info: latinmodern-math scale = 0.9998964600422715.


Package fontspec Info: Font family 'latinmodern-math.otf(3)' created for font
(fontspec)             'latinmodern-math.otf' with options
(fontspec)             [Scale=MatchLowercase,BoldItalicFont={},ItalicFont={},Sm
allCapsFont={},Script=Math,SizeFeatures={{Size=8.5-},{Size=6-8.5,Font=latinmode
rn-math.otf,Style=MathScript},{Size=-6,Font=latinmodern-math.otf,Style=MathScri
ptScript}},BoldFont={latinmodern-math.otf},ScaleAgain=0.9999,FontAdjustment={\f
ontdimen
(fontspec)             8\font =0.4pt\relax \fontdimen 9\font =2.0pt\relax
(fontspec)             \fontdimen 10\font =1.67pt\relax \fontdimen 11\font
(fontspec)             =1.11pt\relax \fontdimen 12\font =6.0pt\relax
(fontspec)             \fontdimen 13\font =0pt\relax }].
(fontspec)              
(fontspec)              This font family consists of the following NFSS
(fontspec)             series/shapes:
(fontspec)              
(fontspec)             - 'normal' (m/n) with NFSS spec.:
(fontspec)             <8.5->s*[0.9998964600422715]"[latinmodern-math.otf]/OT:s
cript=math;language=dflt;"<6-8.5>s*[0.9998964600422715]"[latinmodern-math.otf]/
OT:script=math;language=dflt;+ssty=0;"<-6>s*[0.9998964600422715]"[latinmodern-m
ath.otf]/OT:script=math;language=dflt;+ssty=1;"
(fontspec)             - 'small caps'  (m/sc) with NFSS spec.: 
(fontspec)             and font adjustment code:
(fontspec)             \fontdimen 8\font =0.4pt\relax \fontdimen 9\font
(fontspec)             =2.0pt\relax \fontdimen 10\font =1.67pt\relax
(fontspec)             \fontdimen 11\font =1.11pt\relax \fontdimen 12\font
(fontspec)             =6.0pt\relax \fontdimen 13\font =0pt\relax 
(fontspec)             - 'bold' (b/n) with NFSS spec.:
(fontspec)             <->s*[0.9998964600422715]"[latinmodern-math.otf]/OT:scri
pt=math;language=dflt;"
(fontspec)             - 'bold small caps'  (b/sc) with NFSS spec.: 
(fontspec)             and font adjustment code:
(fontspec)             \fontdimen 8\font =0.4pt\relax \fontdimen 9\font
(fontspec)             =2.0pt\relax \fontdimen 10\font =1.67pt\relax
(fontspec)             \fontdimen 11\font =1.11pt\relax \fontdimen 12\font
(fontspec)             =6.0pt\relax \fontdimen 13\font =0pt\relax 

LaTeX Font Info:    Encoding `OMX' has changed to `TU' for symbol font
(Font)              `largesymbols' in the math version `normal' on input line 1
29.
LaTeX Font Info:    Overwriting symbol font `largesymbols' in version `normal'
(Font)                  OMX/lmex/m/n --> TU/latinmodern-math.otf(3)/m/n on inpu
t line 129.
LaTeX Font Info:    Encoding `OMX' has changed to `TU' for symbol font
(Font)              `largesymbols' in the math version `bold' on input line 129
.
LaTeX Font Info:    Overwriting symbol font `largesymbols' in version `bold'
(Font)                  OMX/lmex/m/n --> TU/latinmodern-math.otf(3)/b/n on inpu
t line 129.
Package hyperref Info: Link coloring OFF on input line 129.

(c:/Users/JakeL/AppData/Roaming/TinyTeX/texmf-dist/tex/latex/hyperref/nameref.s
ty
Package: nameref 2021-04-02 v2.47 Cross-referencing by name of section

(c:/Users/JakeL/AppData/Roaming/TinyTeX/texmf-dist/tex/latex/refcount/refcount.
sty
Package: refcount 2019/12/15 v3.6 Data extraction from label references (HO)
)
(c:/Users/JakeL/AppData/Roaming/TinyTeX/texmf-dist/tex/generic/gettitlestring/g
ettitlestring.sty
Package: gettitlestring 2019/12/15 v1.6 Cleanup title references (HO)
)
\c@section@level=\count312
)
LaTeX Info: Redefining \ref on input line 129.
LaTeX Info: Redefining \pageref on input line 129.
LaTeX Info: Redefining \nameref on input line 129.
(./_main.out) (./_main.out)
\@outlinefile=\write4
\openout4 = `_main.out'.

LaTeX Font Info:    Font shape `TU/latinmodern-math.otf(1)/m/n' will be
(Font)              scaled to size 12.0pt on input line 131.
LaTeX Font Info:    Font shape `TU/latinmodern-math.otf(1)/m/n' will be
(Font)              scaled to size 8.0pt on input line 131.
LaTeX Font Info:    Font shape `TU/latinmodern-math.otf(1)/m/n' will be
(Font)              scaled to size 6.0pt on input line 131.
LaTeX Font Info:    Trying to load font information for OML+lmm on input line 1
31.
(c:/Users/JakeL/AppData/Roaming/TinyTeX/texmf-dist/tex/latex/lm/omllmm.fd
File: omllmm.fd 2009/10/30 v1.6 Font defs for Latin Modern
)
LaTeX Font Info:    Font shape `TU/latinmodern-math.otf(2)/m/n' will be
(Font)              scaled to size 12.0011pt on input line 131.
LaTeX Font Info:    Font shape `TU/latinmodern-math.otf(2)/m/n' will be
(Font)              scaled to size 8.00073pt on input line 131.
LaTeX Font Info:    Font shape `TU/latinmodern-math.otf(2)/m/n' will be
(Font)              scaled to size 6.00055pt on input line 131.
LaTeX Font Info:    Font shape `TU/latinmodern-math.otf(3)/m/n' will be
(Font)              scaled to size 11.99872pt on input line 131.
LaTeX Font Info:    Font shape `TU/latinmodern-math.otf(3)/m/n' will be
(Font)              scaled to size 7.99915pt on input line 131.
LaTeX Font Info:    Font shape `TU/latinmodern-math.otf(3)/m/n' will be
(Font)              scaled to size 5.99936pt on input line 131.
LaTeX Font Info:    Trying to load font information for U+msa on input line 131
.
(c:/Users/JakeL/AppData/Roaming/TinyTeX/texmf-dist/tex/latex/amsfonts/umsa.fd
File: umsa.fd 2013/01/14 v3.01 AMS symbols A
)
LaTeX Font Info:    Trying to load font information for U+msb on input line 131
.
(c:/Users/JakeL/AppData/Roaming/TinyTeX/texmf-dist/tex/latex/amsfonts/umsb.fd
File: umsb.fd 2013/01/14 v3.01 AMS symbols B
) [1


] [2

] (./_main.toc
LaTeX Font Info:    Font shape `TU/latinmodern-math.otf(1)/m/n' will be
(Font)              scaled to size 7.0pt on input line 3.
LaTeX Font Info:    Font shape `TU/latinmodern-math.otf(1)/m/n' will be
(Font)              scaled to size 5.0pt on input line 3.
LaTeX Font Info:    Font shape `TU/latinmodern-math.otf(2)/m/n' will be
(Font)              scaled to size 10.00092pt on input line 3.
LaTeX Font Info:    Font shape `TU/latinmodern-math.otf(2)/m/n' will be
(Font)              scaled to size 7.00064pt on input line 3.
LaTeX Font Info:    Font shape `TU/latinmodern-math.otf(2)/m/n' will be
(Font)              scaled to size 5.00046pt on input line 3.
LaTeX Font Info:    Font shape `TU/latinmodern-math.otf(3)/m/n' will be
(Font)              scaled to size 9.99893pt on input line 3.
LaTeX Font Info:    Font shape `TU/latinmodern-math.otf(3)/m/n' will be
(Font)              scaled to size 6.99925pt on input line 3.
LaTeX Font Info:    Font shape `TU/latinmodern-math.otf(3)/m/n' will be
(Font)              scaled to size 4.99947pt on input line 3.
[3] [4])
\tf@toc=\write5
\openout5 = `_main.toc'.

[5] [6

] [7] [8

]
Chapter 1.
[9] [10

]
Chapter 2.
[11] [12]
File: 02-small_worlds_files/figure-latex/unnamed-chunk-2-1.pdf Graphic file (ty
pe pdf)
<use 02-small_worlds_files/figure-latex/unnamed-chunk-2-1.pdf>
File: 02-small_worlds_files/figure-latex/unnamed-chunk-2-2.pdf Graphic file (ty
pe pdf)
<use 02-small_worlds_files/figure-latex/unnamed-chunk-2-2.pdf>
File: 02-small_worlds_files/figure-latex/unnamed-chunk-2-3.pdf Graphic file (ty
pe pdf)
<use 02-small_worlds_files/figure-latex/unnamed-chunk-2-3.pdf>

Underfull \hbox (badness 10000) in paragraph at lines 334--335
[]
 []


Underfull \hbox (badness 10000) in paragraph at lines 334--335
[]
 []


Underfull \vbox (badness 10000) has occurred while \output is active []

[13]
Underfull \vbox (badness 10000) has occurred while \output is active []

[14]
Missing character: There is no ≥ in font [lmroman10-regular]:mapping=tex-text;!
File: 02-small_worlds_files/figure-latex/unnamed-chunk-3-1.pdf Graphic file (ty
pe pdf)
<use 02-small_worlds_files/figure-latex/unnamed-chunk-3-1.pdf>
File: 02-small_worlds_files/figure-latex/unnamed-chunk-3-2.pdf Graphic file (ty
pe pdf)
<use 02-small_worlds_files/figure-latex/unnamed-chunk-3-2.pdf>
File: 02-small_worlds_files/figure-latex/unnamed-chunk-3-3.pdf Graphic file (ty
pe pdf)
<use 02-small_worlds_files/figure-latex/unnamed-chunk-3-3.pdf>

Underfull \hbox (badness 10000) in paragraph at lines 352--353
[]
 []


Underfull \hbox (badness 10000) in paragraph at lines 352--353
[]
 []


Underfull \vbox (badness 10000) has occurred while \output is active []

[15]
Underfull \vbox (badness 10000) has occurred while \output is active []

[16] [17] [18] [19]
Overfull \hbox (44.77005pt too wide) in paragraph at lines 502--513
[][] 
 []

[20]
Overfull \hbox (29.28006pt too wide) in paragraph at lines 536--545
[] 
 []


Overfull \hbox (19.27002pt too wide) in paragraph at lines 546--547
[]\TU/lmr/m/n/10 Probability of having twins is $[][] [] [][][] [] [][] []
 []


Overfull \hbox (112.53008pt too wide) in paragraph at lines 584--593
[] 
 []

[21]
Overfull \hbox (17.91006pt too wide) in paragraph at lines 624--633
[][] 
 []


Overfull \hbox (169.73009pt too wide) in paragraph at lines 636--645
[][] 
 []

[22]
Chapter 3.
[23

] [24] [25] [26] [27] [28] [29] [30]
LaTeX Font Info:    Font shape `TU/lmtt/bx/n' in size <10> not available
(Font)              Font shape `TU/lmtt/b/n' tried instead on input line 1158.
[31] [32] [33]
Overfull \hbox (34.54892pt too wide) in paragraph at lines 1278--1279
\TU/lmr/m/n/10 I could have answered the last question analytically by using wh
ich.max(posterior)/1000,
 []

[34]
File: 03-sampling_imaginary_files/figure-latex/unnamed-chunk-21-1.pdf Graphic f
ile (type pdf)
<use 03-sampling_imaginary_files/figure-latex/unnamed-chunk-21-1.pdf>
File: 03-sampling_imaginary_files/figure-latex/unnamed-chunk-21-2.pdf Graphic f
ile (type pdf)
<use 03-sampling_imaginary_files/figure-latex/unnamed-chunk-21-2.pdf>

Underfull \vbox (badness 8132) has occurred while \output is active []

[35] [36]
File: 03-sampling_imaginary_files/figure-latex/unnamed-chunk-22-1.pdf Graphic f
ile (type pdf)
<use 03-sampling_imaginary_files/figure-latex/unnamed-chunk-22-1.pdf>
File: 03-sampling_imaginary_files/figure-latex/unnamed-chunk-22-2.pdf Graphic f
ile (type pdf)
<use 03-sampling_imaginary_files/figure-latex/unnamed-chunk-22-2.pdf>

Underfull \vbox (badness 10000) has occurred while \output is active []

[37]
Overfull \vbox (1.10481pt too high) detected at line 1433
 []

[38]
File: 03-sampling_imaginary_files/figure-latex/unnamed-chunk-23-1.pdf Graphic f
ile (type pdf)
<use 03-sampling_imaginary_files/figure-latex/unnamed-chunk-23-1.pdf>
[39] [40

]
Chapter 4.
Missing character: There is no µ in font lmmi10!
[41] [42]
File: 04-geocentric_files/figure-latex/unnamed-chunk-2-1.pdf Graphic file (type
 pdf)
<use 04-geocentric_files/figure-latex/unnamed-chunk-2-1.pdf>
[43] [44]
Missing character: There is no ∼ in font [lmroman10-regular]:mapping=tex-text;!
Missing character: There is no σ in font [lmroman10-regular]:mapping=tex-text;!
Missing character: There is no α in font [lmroman10-regular]:mapping=tex-text;!
Missing character: There is no β in font [lmroman10-regular]:mapping=tex-text;!
Missing character: There is no α in font [lmroman10-regular]:mapping=tex-text;!
Missing character: There is no β in font [lmroman10-regular]:mapping=tex-text;!
Missing character: There is no ∼ in font [lmroman10-regular]:mapping=tex-text;!
Missing character: There is no σ in font [lmroman10-regular]:mapping=tex-text;!
Missing character: There is no ∼ in font [lmroman10-regular]:mapping=tex-text;!
Missing character: There is no β in font [lmroman10-regular]:mapping=tex-text;!
Missing character: There is no β in font [lmroman10-regular]:mapping=tex-text;!
Missing character: There is no ∼ in font [lmroman10-regular]:mapping=tex-text;!
[45]
Missing character: There is no σ in font [lmroman10-regular]:mapping=tex-text;!
Missing character: There is no ∼ in font [lmroman10-regular]:mapping=tex-text;!
[46] [47] [48

]
Chapter 5.
Missing character: There is no α in font [lmroman10-regular]:mapping=tex-text;!
Missing character: There is no β in font [lmroman10-regular]:mapping=tex-text;!
Missing character: There is no β in font [lmroman10-regular]:mapping=tex-text;!
Missing character: There is no β in font [lmroman10-regular]:mapping=tex-text;!
Missing character: There is no α in font [lmroman10-regular]:mapping=tex-text;!
Missing character: There is no β in font [lmroman10-regular]:mapping=tex-text;!
Missing character: There is no α in font [lmroman10-regular]:mapping=tex-text;!
Missing character: There is no β in font [lmroman10-regular]:mapping=tex-text;!
Missing character: There is no β in font [lmroman10-regular]:mapping=tex-text;!
Missing character: There is no α in font [lmroman10-regular]:mapping=tex-text;!
Missing character: There is no α in font [lmroman10-regular]:mapping=tex-text;!
[49]
Missing character: There is no ∼ in font [lmroman10-regular]:mapping=tex-text;!
Missing character: There is no 𝜇 in font [lmroman10-regular]:mapping=tex-text;!
Missing character: There is no 𝜎 in font [lmroman10-regular]:mapping=tex-text;!
Missing character: There is no 𝜇 in font [lmroman10-regular]:mapping=tex-text;!
Missing character: There is no 𝛼 in font [lmroman10-regular]:mapping=tex-text;!
Missing character: There is no 𝛽 in font [lmroman10-regular]:mapping=tex-text;!
Missing character: There is no ∼ in font [lmroman10-regular]:mapping=tex-text;!
Missing character: There is no 𝜇 in font [lmroman10-regular]:mapping=tex-text;!
Missing character: There is no 𝜎 in font [lmroman10-regular]:mapping=tex-text;!
Missing character: There is no 𝜇 in font [lmroman10-regular]:mapping=tex-text;!
Missing character: There is no 𝛼 in font [lmroman10-regular]:mapping=tex-text;!
Missing character: There is no 𝛽 in font [lmroman10-regular]:mapping=tex-text;!
Missing character: There is no 𝛽 in font [lmroman10-regular]:mapping=tex-text;!
[50]
Missing character: There is no ∼ in font [lmroman10-regular]:mapping=tex-text;!
Missing character: There is no 𝜇 in font [lmroman10-regular]:mapping=tex-text;!
Missing character: There is no 𝜎 in font [lmroman10-regular]:mapping=tex-text;!
Missing character: There is no 𝜇 in font [lmroman10-regular]:mapping=tex-text;!
Missing character: There is no 𝛼 in font [lmroman10-regular]:mapping=tex-text;!
Missing character: There is no 𝛽 in font [lmroman10-regular]:mapping=tex-text;!
Missing character: There is no 𝛽 in font [lmroman10-regular]:mapping=tex-text;!

Overfull \hbox (510.33507pt too wide) detected at line 1945
[][][][][] [] [] [] [][][][] [] [][][][] [] [][][][][] [][][][][] [] [] [] [][]
[][] [] [][][][] [] [][][][] [] [][][][][] [][][][][] [] [] [] [][][][] [] [][]
[][] [] [][][][][] [][][][][] [] [][][][] [] [][][][] [] [][][][] [] [][][][][]
 [][][][][] [] [][][][] [] [][] [] [][] [] [][][] [] [][][][] [] [][][][] [] []
[][][]
 []

[51] [52]
Chapter 6.
File: 06-haunted_dag_files/figure-latex/unnamed-chunk-2-1.pdf Graphic file (typ
e pdf)
<use 06-haunted_dag_files/figure-latex/unnamed-chunk-2-1.pdf>
File: 06-haunted_dag_files/figure-latex/unnamed-chunk-3-1.pdf Graphic file (typ
e pdf)
<use 06-haunted_dag_files/figure-latex/unnamed-chunk-3-1.pdf>
[53

]
File: 06-haunted_dag_files/figure-latex/unnamed-chunk-4-1.pdf Graphic file (typ
e pdf)
<use 06-haunted_dag_files/figure-latex/unnamed-chunk-4-1.pdf>
File: 06-haunted_dag_files/figure-latex/unnamed-chunk-4-2.pdf Graphic file (typ
e pdf)
<use 06-haunted_dag_files/figure-latex/unnamed-chunk-4-2.pdf>

Underfull \hbox (badness 10000) in paragraph at lines 1986--1987
[][]
 []


Underfull \vbox (badness 10000) has occurred while \output is active []

[54]
File: 06-haunted_dag_files/figure-latex/unnamed-chunk-5-1.pdf Graphic file (typ
e pdf)
<use 06-haunted_dag_files/figure-latex/unnamed-chunk-5-1.pdf>
File: 06-haunted_dag_files/figure-latex/unnamed-chunk-6-1.pdf Graphic file (typ
e pdf)
<use 06-haunted_dag_files/figure-latex/unnamed-chunk-6-1.pdf>

Underfull \vbox (badness 10000) has occurred while \output is active []

[55]
File: 06-haunted_dag_files/figure-latex/unnamed-chunk-7-1.pdf Graphic file (typ
e pdf)
<use 06-haunted_dag_files/figure-latex/unnamed-chunk-7-1.pdf>
File: 06-haunted_dag_files/figure-latex/unnamed-chunk-8-1.pdf Graphic file (typ
e pdf)
<use 06-haunted_dag_files/figure-latex/unnamed-chunk-8-1.pdf>
File: 06-haunted_dag_files/figure-latex/unnamed-chunk-8-2.pdf Graphic file (typ
e pdf)
<use 06-haunted_dag_files/figure-latex/unnamed-chunk-8-2.pdf>
File: 06-haunted_dag_files/figure-latex/unnamed-chunk-8-3.pdf Graphic file (typ
e pdf)
<use 06-haunted_dag_files/figure-latex/unnamed-chunk-8-3.pdf>

Underfull \hbox (badness 10000) in paragraph at lines 2000--2001
[][]
 []


Underfull \hbox (badness 10000) in paragraph at lines 2000--2001
[]
 []


Underfull \vbox (badness 10000) has occurred while \output is active []

[56]
Underfull \vbox (badness 10000) has occurred while \output is active []

[57] [58]
File: 06-haunted_dag_files/figure-latex/unnamed-chunk-9-1.pdf Graphic file (typ
e pdf)
<use 06-haunted_dag_files/figure-latex/unnamed-chunk-9-1.pdf>
File: 06-haunted_dag_files/figure-latex/unnamed-chunk-10-1.pdf Graphic file (ty
pe pdf)
<use 06-haunted_dag_files/figure-latex/unnamed-chunk-10-1.pdf>
[59]
File: 06-haunted_dag_files/figure-latex/unnamed-chunk-11-1.pdf Graphic file (ty
pe pdf)
<use 06-haunted_dag_files/figure-latex/unnamed-chunk-11-1.pdf>
File: 06-haunted_dag_files/figure-latex/unnamed-chunk-12-1.pdf Graphic file (ty
pe pdf)
<use 06-haunted_dag_files/figure-latex/unnamed-chunk-12-1.pdf>
[60] [61]
File: 06-haunted_dag_files/figure-latex/unnamed-chunk-13-1.pdf Graphic file (ty
pe pdf)
<use 06-haunted_dag_files/figure-latex/unnamed-chunk-13-1.pdf>
File: 06-haunted_dag_files/figure-latex/unnamed-chunk-14-1.pdf Graphic file (ty
pe pdf)
<use 06-haunted_dag_files/figure-latex/unnamed-chunk-14-1.pdf>

Underfull \vbox (badness 10000) has occurred while \output is active []

[62] [63]
File: 06-haunted_dag_files/figure-latex/unnamed-chunk-16-1.pdf Graphic file (ty
pe pdf)
<use 06-haunted_dag_files/figure-latex/unnamed-chunk-16-1.pdf>
[64]
Overfull \hbox (12.0pt too wide) in paragraph at lines 2255--2255
[]\TU/lmtt/m/n/10 ## Warning: Removed 1 rows containing missing values (geom_se
gment).[] 
 []

File: 06-haunted_dag_files/figure-latex/unnamed-chunk-16-2.pdf Graphic file (ty
pe pdf)
<use 06-haunted_dag_files/figure-latex/unnamed-chunk-16-2.pdf>

Underfull \vbox (badness 10000) has occurred while \output is active []

[65] [66]
File: 06-haunted_dag_files/figure-latex/unnamed-chunk-18-1.pdf Graphic file (ty
pe pdf)
<use 06-haunted_dag_files/figure-latex/unnamed-chunk-18-1.pdf>
File: 06-haunted_dag_files/figure-latex/unnamed-chunk-19-1.pdf Graphic file (ty
pe pdf)
<use 06-haunted_dag_files/figure-latex/unnamed-chunk-19-1.pdf>

Underfull \vbox (badness 10000) has occurred while \output is active []

[67]
File: 06-haunted_dag_files/figure-latex/unnamed-chunk-20-1.pdf Graphic file (ty
pe pdf)
<use 06-haunted_dag_files/figure-latex/unnamed-chunk-20-1.pdf>

Underfull \vbox (badness 10000) has occurred while \output is active []

[68]
File: 06-haunted_dag_files/figure-latex/unnamed-chunk-21-1.pdf Graphic file (ty
pe pdf)
<use 06-haunted_dag_files/figure-latex/unnamed-chunk-21-1.pdf>

Underfull \vbox (badness 10000) has occurred while \output is active []

[69]
File: 06-haunted_dag_files/figure-latex/unnamed-chunk-22-1.pdf Graphic file (ty
pe pdf)
<use 06-haunted_dag_files/figure-latex/unnamed-chunk-22-1.pdf>
[70] [71]
File: 06-haunted_dag_files/figure-latex/unnamed-chunk-24-1.pdf Graphic file (ty
pe pdf)
<use 06-haunted_dag_files/figure-latex/unnamed-chunk-24-1.pdf>
[72]
File: 06-haunted_dag_files/figure-latex/unnamed-chunk-26-1.pdf Graphic file (ty
pe pdf)
<use 06-haunted_dag_files/figure-latex/unnamed-chunk-26-1.pdf>

Underfull \vbox (badness 10000) has occurred while \output is active []

[73]
Overfull \vbox (1.27402pt too high) detected at line 2543
 []

[74]
File: 06-haunted_dag_files/figure-latex/unnamed-chunk-27-1.pdf Graphic file (ty
pe pdf)
<use 06-haunted_dag_files/figure-latex/unnamed-chunk-27-1.pdf>
File: 06-haunted_dag_files/figure-latex/unnamed-chunk-28-1.pdf Graphic file (ty
pe pdf)
<use 06-haunted_dag_files/figure-latex/unnamed-chunk-28-1.pdf>
[75]
File: 06-haunted_dag_files/figure-latex/unnamed-chunk-28-2.pdf Graphic file (ty
pe pdf)
<use 06-haunted_dag_files/figure-latex/unnamed-chunk-28-2.pdf>
[76]
File: 06-haunted_dag_files/figure-latex/unnamed-chunk-29-1.pdf Graphic file (ty
pe pdf)
<use 06-haunted_dag_files/figure-latex/unnamed-chunk-29-1.pdf>
[77]
File: 06-haunted_dag_files/figure-latex/unnamed-chunk-30-1.pdf Graphic file (ty
pe pdf)
<use 06-haunted_dag_files/figure-latex/unnamed-chunk-30-1.pdf>
[78]
Chapter 7.
[79

]
Overfull \hbox (90.75pt too wide) in paragraph at lines 2705--2705
[]\TU/lmtt/m/n/10 ## [1]  0.6099135  0.6484063  0.5496868  0.6235310  0.4648179
  0.4347736 -0.8444470[] 
 []


Overfull \hbox (90.75pt too wide) in paragraph at lines 2715--2715
[]\TU/lmtt/m/n/10 ## [1]  0.6117253  0.6488831  0.5448708  0.6278331  0.4638980
  0.4263233 -0.8522201[] 
 []

[80]
File: 07-ulysses_files/figure-latex/unnamed-chunk-5-1.pdf Graphic file (type pd
f)
<use 07-ulysses_files/figure-latex/unnamed-chunk-5-1.pdf>
[81] [82] [83]
Overfull \hbox (71.5505pt too wide) detected at line 2920
[][]
 []

[84] [85] [86]
File: 07-ulysses_files/figure-latex/unnamed-chunk-7-1.pdf Graphic file (type pd
f)
<use 07-ulysses_files/figure-latex/unnamed-chunk-7-1.pdf>

Underfull \hbox (badness 10000) in paragraph at lines 3056--3058
[][]
 []

[87]
File: 07-ulysses_files/figure-latex/unnamed-chunk-8-1.pdf Graphic file (type pd
f)
<use 07-ulysses_files/figure-latex/unnamed-chunk-8-1.pdf>
File: 07-ulysses_files/figure-latex/unnamed-chunk-9-1.pdf Graphic file (type pd
f)
<use 07-ulysses_files/figure-latex/unnamed-chunk-9-1.pdf>

Underfull \vbox (badness 10000) has occurred while \output is active []

[88] [89] [90] [91] [92]
File: 07-ulysses_files/figure-latex/unnamed-chunk-11-1.pdf Graphic file (type p
df)
<use 07-ulysses_files/figure-latex/unnamed-chunk-11-1.pdf>

Underfull \vbox (badness 6032) has occurred while \output is active []

[93]
Overfull \hbox (6.75pt too wide) in paragraph at lines 3317--3317
[]\TU/lmtt/m/n/10 ##               WAIC       SE    dWAIC      dSE    pWAIC    
weight[] 
 []


Overfull \hbox (6.75pt too wide) in paragraph at lines 3317--3317
[]\TU/lmtt/m/n/10 ## m_laffer1 124.1184 23.65623 0.000000       NA 6.365137 0.4
870995[] 
 []


Overfull \hbox (6.75pt too wide) in paragraph at lines 3317--3317
[]\TU/lmtt/m/n/10 ## m_laffer2 125.1519 25.68798 1.033533 3.284146 7.971944 0.2
905286[] 
 []


Overfull \hbox (6.75pt too wide) in paragraph at lines 3317--3317
[]\TU/lmtt/m/n/10 ## m_laffer3 125.6866 25.18629 1.568234 3.537762 8.963676 0.2
223720[] 
 []


Overfull \hbox (138.0pt too wide) in paragraph at lines 3353--3353
[]\TU/lmtt/m/n/10 ## Some Pareto k values are very high (>1). Set pointwise=TRU
E to inspect individual points.[] 
 []


Overfull \hbox (138.0pt too wide) in paragraph at lines 3353--3353
[]\TU/lmtt/m/n/10 ## Some Pareto k values are very high (>1). Set pointwise=TRU
E to inspect individual points.[] 
 []


Overfull \hbox (138.0pt too wide) in paragraph at lines 3353--3353
[]\TU/lmtt/m/n/10 ## Some Pareto k values are very high (>1). Set pointwise=TRU
E to inspect individual points.[] 
 []


Overfull \hbox (22.5pt too wide) in paragraph at lines 3360--3360
[]\TU/lmtt/m/n/10 ##               PSIS       SE     dPSIS      dSE     pPSIS  
   weight[] 
 []


Overfull \hbox (22.5pt too wide) in paragraph at lines 3360--3360
[]\TU/lmtt/m/n/10 ## m_laffer1 126.3576 26.21755 0.0000000       NA  7.411442 0
.55631136[] 
 []


Overfull \hbox (22.5pt too wide) in paragraph at lines 3360--3360
[]\TU/lmtt/m/n/10 ## m_laffer2 127.1612 28.19643 0.8036119 3.263653  9.026825 0
.37223382[] 
 []


Overfull \hbox (22.5pt too wide) in paragraph at lines 3360--3360
[]\TU/lmtt/m/n/10 ## m_laffer3 130.4621 30.29146 4.1045255 5.320317 11.297844 0
.07145482[] 
 []

[94]
File: 07-ulysses_files/figure-latex/unnamed-chunk-13-1.pdf Graphic file (type p
df)
<use 07-ulysses_files/figure-latex/unnamed-chunk-13-1.pdf>
[95]
File: 07-ulysses_files/figure-latex/unnamed-chunk-14-1.pdf Graphic file (type p
df)
<use 07-ulysses_files/figure-latex/unnamed-chunk-14-1.pdf>
[96]
Overfull \hbox (22.5pt too wide) in paragraph at lines 3433--3433
[]\TU/lmtt/m/n/10 ##                 PSIS       SE     dPSIS      dSE    pPSIS 
   weight[] 
 []


Overfull \hbox (22.5pt too wide) in paragraph at lines 3433--3433
[]\TU/lmtt/m/n/10 ## m_laffer1_t 108.2617 13.64436 0.0000000       NA 3.077506 
0.6003157[] 
 []


Overfull \hbox (22.5pt too wide) in paragraph at lines 3433--3433
[]\TU/lmtt/m/n/10 ## m_laffer2_t 109.0752 12.20443 0.8135611 2.118027 3.755171 
0.3996843[] 
 []

[97]
Overfull \hbox (21.7401pt too wide) in paragraph at lines 3484--3495
[][] 
 []

[98]
Overfull \hbox (119.91011pt too wide) in paragraph at lines 3577--3588
[][] 
 []


Overfull \hbox (1.5pt too wide) in paragraph at lines 3619--3619
[]\TU/lmtt/m/n/10 ##           WAIC       SE    dWAIC      dSE    pWAIC       w
eight[] 
 []


Overfull \hbox (1.5pt too wide) in paragraph at lines 3619--3619
[]\TU/lmtt/m/n/10 ## m6.9  2713.759 37.50349   0.0000       NA 3.614323 1.00000
0e+00[] 
 []


Overfull \hbox (1.5pt too wide) in paragraph at lines 3619--3619
[]\TU/lmtt/m/n/10 ## m6.10 3102.039 27.84842 388.2804 35.39789 2.419089 4.85264
5e-85[] 
 []

[99]
Overfull \hbox (12.0pt too wide) in paragraph at lines 3671--3671
[]\TU/lmtt/m/n/10 ##            WAIC       SE     dWAIC       dSE    pWAIC     
 weight[] 
 []


Overfull \hbox (12.0pt too wide) in paragraph at lines 3671--3671
[]\TU/lmtt/m/n/10 ## m7H5.3 323.3126 19.58726  0.000000        NA 4.566105 0.60
8394357[] 
 []


Overfull \hbox (12.0pt too wide) in paragraph at lines 3671--3671
[]\TU/lmtt/m/n/10 ## m7H5.1 324.4759 19.50192  1.163270 0.6420368 5.139118 0.34
0082478[] 
 []


Overfull \hbox (12.0pt too wide) in paragraph at lines 3671--3671
[]\TU/lmtt/m/n/10 ## m7H5.2 328.7308 18.31676  5.418239 4.0042524 4.166766 0.04
0516271[] 
 []


Overfull \hbox (12.0pt too wide) in paragraph at lines 3671--3671
[]\TU/lmtt/m/n/10 ## m7H5.4 331.8269 17.87634  8.514287 5.0679471 3.241450 0.00
8616508[] 
 []


Overfull \hbox (12.0pt too wide) in paragraph at lines 3671--3671
[]\TU/lmtt/m/n/10 ## m7H5.5 334.3913 18.30572 11.078738 5.5154867 3.561676 0.00
2390385[] 
 []

File: 07-ulysses_files/figure-latex/unnamed-chunk-21-1.pdf Graphic file (type p
df)
<use 07-ulysses_files/figure-latex/unnamed-chunk-21-1.pdf>
[100] [101] [102

]
Chapter 8.
File: 08-conditional_files/figure-latex/unnamed-chunk-2-1.pdf Graphic file (typ
e pdf)
<use 08-conditional_files/figure-latex/unnamed-chunk-2-1.pdf>
[103] [104]
Overfull \hbox (342.75pt too wide) in paragraph at lines 3778--3778
[]\TU/lmtt/m/n/10 ## Warning: The `x` argument of `as_tibble.matrix()` must hav
e unique column names if `.name_repair` is omitted as of tibble 2.0.0.[] 
 []

[105]
File: 08-conditional_files/figure-latex/unnamed-chunk-2-2.pdf Graphic file (typ
e pdf)
<use 08-conditional_files/figure-latex/unnamed-chunk-2-2.pdf>

Overfull \hbox (12.0pt too wide) in paragraph at lines 3844--3844
[]\TU/lmtt/m/n/10 ##           PSIS       SE     dPSIS       dSE    pPSIS      
 weight[] 
 []


Overfull \hbox (12.0pt too wide) in paragraph at lines 3844--3844
[]\TU/lmtt/m/n/10 ## m8.3 -258.6786 15.32203  0.000000        NA 5.353173 9.696
032e-01[] 
 []


Overfull \hbox (12.0pt too wide) in paragraph at lines 3844--3844
[]\TU/lmtt/m/n/10 ## m8.2 -251.7535 15.53286  6.925096  6.789394 4.525019 3.039
684e-02[] 
 []


Overfull \hbox (12.0pt too wide) in paragraph at lines 3844--3844
[]\TU/lmtt/m/n/10 ## m8.1 -188.8192 13.36087 69.859371 15.531288 2.661879 6.558
798e-16[] 
 []

[106] [107] [108]
Overfull \hbox (57.85483pt too wide) detected at line 4013
[][]
 []

[109] [110] [111] [112

]
Chapter 9.

LaTeX Font Warning: Font shape `TU/lmtt/bx/it' in size <10> not available
(Font)              Font shape `TU/lmtt/b/sl' tried instead on input line 4131.


[113]
File: 09-markov_chain_files/figure-latex/unnamed-chunk-3-1.pdf Graphic file (ty
pe pdf)
<use 09-markov_chain_files/figure-latex/unnamed-chunk-3-1.pdf>
File: 09-markov_chain_files/figure-latex/unnamed-chunk-4-1.pdf Graphic file (ty
pe pdf)
<use 09-markov_chain_files/figure-latex/unnamed-chunk-4-1.pdf>

Underfull \vbox (badness 10000) has occurred while \output is active []

[114] [115]
Overfull \hbox (48.75pt too wide) in paragraph at lines 4232--4232
[]\TU/lmtt/m/n/10 ##             mean          sd         5.5%       94.5%    n
_eff     Rhat4[] 
 []


Overfull \hbox (48.75pt too wide) in paragraph at lines 4232--4232
[]\TU/lmtt/m/n/10 ## a[1]   0.8863900 0.016066653  0.861263755  0.91239339 2385
.040 0.9989979[] 
 []


Overfull \hbox (48.75pt too wide) in paragraph at lines 4232--4232
[]\TU/lmtt/m/n/10 ## a[2]   1.0507876 0.010359464  1.034099450  1.06736275 3169
.658 0.9983588[] 
 []


Overfull \hbox (48.75pt too wide) in paragraph at lines 4232--4232
[]\TU/lmtt/m/n/10 ## b[1]   0.1308372 0.074861084  0.007588926  0.24926313 2501
.290 0.9999101[] 
 []


Overfull \hbox (48.75pt too wide) in paragraph at lines 4232--4232
[]\TU/lmtt/m/n/10 ## b[2]  -0.1421440 0.053609582 -0.231558840 -0.05599294 2814
.435 0.9984347[] 
 []


Overfull \hbox (48.75pt too wide) in paragraph at lines 4232--4232
[]\TU/lmtt/m/n/10 ## sigma  0.1115744 0.006327084  0.102049240  0.12232890 2873
.048 0.9992689[] 
 []

[116]
File: 09-markov_chain_files/figure-latex/unnamed-chunk-10-1.pdf Graphic file (t
ype pdf)
<use 09-markov_chain_files/figure-latex/unnamed-chunk-10-1.pdf>
File: 09-markov_chain_files/figure-latex/unnamed-chunk-10-2.pdf Graphic file (t
ype pdf)
<use 09-markov_chain_files/figure-latex/unnamed-chunk-10-2.pdf>

Underfull \hbox (badness 10000) in paragraph at lines 4254--4255
[][]
 []

[117]
File: 09-markov_chain_files/figure-latex/unnamed-chunk-12-1.pdf Graphic file (t
ype pdf)
<use 09-markov_chain_files/figure-latex/unnamed-chunk-12-1.pdf>
File: 09-markov_chain_files/figure-latex/unnamed-chunk-12-2.pdf Graphic file (t
ype pdf)
<use 09-markov_chain_files/figure-latex/unnamed-chunk-12-2.pdf>

Underfull \hbox (badness 10000) in paragraph at lines 4264--4265
[][]
 []

[118] [119] [120

]
Chapter 10.
[121]
Overfull \hbox (19.36343pt too wide) has occurred while \output is active
\TU/lmr/m/n/10 122 \TU/lmr/m/sl/10 CHAPTER 10.  BIG ENTROPY AND THE GENERALIZED
 LINEAR MODEL
 []

[122] [123]
Underfull \hbox (badness 1303) in paragraph at lines 4406--4407
\TU/lmr/m/n/10 Information ([]$[][][][] [] [] [] [][][] [] [][][][][][][][][][]
 [] [][][] [] [][][][][][] [] [][][][][][][][] [][] [][][][][][][][][][][][][][
][][][][] []
 []


Underfull \hbox (badness 10000) in paragraph at lines 4412--4414
[] [] [][][][][][][] [] [][][][] [] [][][][][] [] [][][] [] [][][][][][] [] [][
][][][][][][] [] [][][][][][][][][][][] [] [][][]$[] \TU/lmr/m/n/10 Work throug
h
 []


Overfull \hbox (19.36343pt too wide) has occurred while \output is active
\TU/lmr/m/n/10 124 \TU/lmr/m/sl/10 CHAPTER 10.  BIG ENTROPY AND THE GENERALIZED
 LINEAR MODEL
 []

[124]
Chapter 11.
[125

]
File: 11-god_spiked_files/figure-latex/unnamed-chunk-6-1.pdf Graphic file (type
 pdf)
<use 11-god_spiked_files/figure-latex/unnamed-chunk-6-1.pdf>

Underfull \vbox (badness 10000) has occurred while \output is active []

[126]
File: 11-god_spiked_files/figure-latex/unnamed-chunk-7-1.pdf Graphic file (type
 pdf)
<use 11-god_spiked_files/figure-latex/unnamed-chunk-7-1.pdf>
[127]
File: 11-god_spiked_files/figure-latex/unnamed-chunk-11-1.pdf Graphic file (typ
e pdf)
<use 11-god_spiked_files/figure-latex/unnamed-chunk-11-1.pdf>

Underfull \vbox (badness 3838) has occurred while \output is active []

[128] [129] [130]

Package amsmath Warning: Foreign command \atopwithdelims;
(amsmath)                \frac or \genfrac should be used instead
(amsmath)                 on input line 4639.

[131] [132] [133] [134]
Overfull \hbox (13.01822pt too wide) detected at line 4847
[][][][] [][] [][] [][] [][] [][] [][] [][] [][] [][] [] [] [] [] [] [] [] [] [
] [] [] [] [] [][] [] [][] [] [][] [] [][] [] [][] [] [][] [] [][][][] [] [][][
][]
 []

[135] [136] [137]
File: 11-god_spiked_files/figure-latex/unnamed-chunk-22-1.pdf Graphic file (typ
e pdf)
<use 11-god_spiked_files/figure-latex/unnamed-chunk-22-1.pdf>
File: 11-god_spiked_files/figure-latex/unnamed-chunk-24-1.pdf Graphic file (typ
e pdf)
<use 11-god_spiked_files/figure-latex/unnamed-chunk-24-1.pdf>

Underfull \vbox (badness 1194) has occurred while \output is active []

[138]
File: 11-god_spiked_files/figure-latex/unnamed-chunk-26-1.pdf Graphic file (typ
e pdf)
<use 11-god_spiked_files/figure-latex/unnamed-chunk-26-1.pdf>

Underfull \vbox (badness 10000) has occurred while \output is active []

[139] [140]
Overfull \hbox (33.0pt too wide) in paragraph at lines 5057--5057
[]\TU/lmtt/m/n/10 ##                WAIC        SE    dWAIC      dSE    pWAIC  
     weight[] 
 []


Overfull \hbox (33.0pt too wide) in paragraph at lines 5057--5057
[]\TU/lmtt/m/n/10 ## m11.4.quap 532.4388 18.538215   0.0000       NA 8.166138 1
.000000e+00[] 
 []


Overfull \hbox (33.0pt too wide) in paragraph at lines 5057--5057
[]\TU/lmtt/m/n/10 ## m11.3      682.3300  9.019331 149.8912 18.02068 3.548242 2
.828404e-33[] 
 []


Overfull \hbox (33.0pt too wide) in paragraph at lines 5057--5057
[]\TU/lmtt/m/n/10 ## m11.2      682.9577  9.689085 150.5189 18.12860 3.951869 2
.066520e-33[] 
 []


Overfull \hbox (33.0pt too wide) in paragraph at lines 5057--5057
[]\TU/lmtt/m/n/10 ## m11.1      688.0776  7.155477 155.6388 18.58770 1.068659 1
.597607e-34[] 
 []

[141]
File: 11-god_spiked_files/figure-latex/unnamed-chunk-29-1.pdf Graphic file (typ
e pdf)
<use 11-god_spiked_files/figure-latex/unnamed-chunk-29-1.pdf>
[142] [143]
File: 11-god_spiked_files/figure-latex/unnamed-chunk-33-1.pdf Graphic file (typ
e pdf)
<use 11-god_spiked_files/figure-latex/unnamed-chunk-33-1.pdf>

Underfull \vbox (badness 10000) has occurred while \output is active []

[144]
File: 11-god_spiked_files/figure-latex/unnamed-chunk-35-1.pdf Graphic file (typ
e pdf)
<use 11-god_spiked_files/figure-latex/unnamed-chunk-35-1.pdf>

Underfull \vbox (badness 10000) has occurred while \output is active []

[145]
File: 11-god_spiked_files/figure-latex/unnamed-chunk-37-1.pdf Graphic file (typ
e pdf)
<use 11-god_spiked_files/figure-latex/unnamed-chunk-37-1.pdf>

Underfull \vbox (badness 10000) has occurred while \output is active []

[146]
File: 11-god_spiked_files/figure-latex/unnamed-chunk-38-1.pdf Graphic file (typ
e pdf)
<use 11-god_spiked_files/figure-latex/unnamed-chunk-38-1.pdf>
[147] [148]
File: 11-god_spiked_files/figure-latex/unnamed-chunk-43-1.pdf Graphic file (typ
e pdf)
<use 11-god_spiked_files/figure-latex/unnamed-chunk-43-1.pdf>

Underfull \vbox (badness 1845) has occurred while \output is active []

[149]
Underfull \hbox (badness 1303) in paragraph at lines 5290--5291
\TU/lmr/m/n/10 Information ([]$[][][][] [] [] [] [][][] [] [][][][][][][][][][]
 [] [][][] [] [][][][][][] [] [][][][][][][][] [][] [][][][][][][][][][][][][][
][][][][] []
 []


Underfull \hbox (badness 10000) in paragraph at lines 5296--5298
[] [] [][][][][][][] [] [][][][] [] [][][][][] [] [][][] [] [][][][][][] [] [][
][][][][][][] [] [][][][][][][][][][][] [] [][][]$[] \TU/lmr/m/n/10 Work throug
h
 []

[150]
Chapter 12.
[151

]
Overfull \hbox (17.25pt too wide) in paragraph at lines 5351--5351
[]\TU/lmtt/m/n/10 ##             mean        sd        5.5%     94.5%    n_eff 
   Rhat4[] 
 []


Overfull \hbox (17.25pt too wide) in paragraph at lines 5351--5351
[]\TU/lmtt/m/n/10 ## a[1]  -0.4382833 0.3978251 -1.07298200 0.1909862 1273.019 
1.003047[] 
 []


Overfull \hbox (17.25pt too wide) in paragraph at lines 5351--5351
[]\TU/lmtt/m/n/10 ## a[2]  -0.3122475 0.3929913 -0.93395765 0.3170948 1442.562 
1.000484[] 
 []


Overfull \hbox (17.25pt too wide) in paragraph at lines 5351--5351
[]\TU/lmtt/m/n/10 ## phi    1.0201106 0.8173286  0.05844827 2.5509630 1437.939 
1.001612[] 
 []


Overfull \hbox (17.25pt too wide) in paragraph at lines 5351--5351
[]\TU/lmtt/m/n/10 ## theta  3.0201106 0.8173286  2.05845170 4.5509630 1437.941 
1.001612[] 
 []

File: 12-monsters_mixtures_files/figure-latex/unnamed-chunk-5-1.pdf Graphic fil
e (type pdf)
<use 12-monsters_mixtures_files/figure-latex/unnamed-chunk-5-1.pdf>

Underfull \vbox (badness 10000) has occurred while \output is active []

[152]
File: 12-monsters_mixtures_files/figure-latex/unnamed-chunk-8-1.pdf Graphic fil
e (type pdf)
<use 12-monsters_mixtures_files/figure-latex/unnamed-chunk-8-1.pdf>

Underfull \vbox (badness 10000) has occurred while \output is active []

[153] [154]
File: 12-monsters_mixtures_files/figure-latex/unnamed-chunk-9-1.pdf Graphic fil
e (type pdf)
<use 12-monsters_mixtures_files/figure-latex/unnamed-chunk-9-1.pdf>

Underfull \vbox (badness 10000) has occurred while \output is active []

[155] [156]
File: 12-monsters_mixtures_files/figure-latex/unnamed-chunk-12-1.pdf Graphic fi
le (type pdf)
<use 12-monsters_mixtures_files/figure-latex/unnamed-chunk-12-1.pdf>
[157] [158]
Chapter 13.
[159

]
Overfull \hbox (1.5pt too wide) in paragraph at lines 5544--5544
[]\TU/lmtt/m/n/10 ##           WAIC       SE    dWAIC      dSE    pWAIC       w
eight[] 
 []


Overfull \hbox (1.5pt too wide) in paragraph at lines 5544--5544
[]\TU/lmtt/m/n/10 ## m13.2 200.1824 7.375376  0.00000       NA 21.02083 0.99933
82648[] 
 []


Overfull \hbox (1.5pt too wide) in paragraph at lines 5544--5544
[]\TU/lmtt/m/n/10 ## m13.1 214.8224 4.480321 14.63997 4.157364 25.66467 0.00066
17352[] 
 []

File: 13-models_memory_files/figure-latex/unnamed-chunk-4-1.pdf Graphic file (t
ype pdf)
<use 13-models_memory_files/figure-latex/unnamed-chunk-4-1.pdf>
[160]
File: 13-models_memory_files/figure-latex/unnamed-chunk-6-1.pdf Graphic file (t
ype pdf)
<use 13-models_memory_files/figure-latex/unnamed-chunk-6-1.pdf>

Underfull \vbox (badness 10000) has occurred while \output is active []

[161] [162]
File: 13-models_memory_files/figure-latex/unnamed-chunk-9-1.pdf Graphic file (t
ype pdf)
<use 13-models_memory_files/figure-latex/unnamed-chunk-9-1.pdf>
[163] [164]
Chapter 14.
[165

]
File: 14-covariance_files/figure-latex/unnamed-chunk-4-1.pdf Graphic file (type
 pdf)
<use 14-covariance_files/figure-latex/unnamed-chunk-4-1.pdf>
[166]
Underfull \vbox (badness 10000) has occurred while \output is active []

[167]
File: 14-covariance_files/figure-latex/unnamed-chunk-7-1.pdf Graphic file (type
 pdf)
<use 14-covariance_files/figure-latex/unnamed-chunk-7-1.pdf>
[168]
File: 14-covariance_files/figure-latex/unnamed-chunk-8-1.pdf Graphic file (type
 pdf)
<use 14-covariance_files/figure-latex/unnamed-chunk-8-1.pdf>
File: 14-covariance_files/figure-latex/unnamed-chunk-9-1.pdf Graphic file (type
 pdf)
<use 14-covariance_files/figure-latex/unnamed-chunk-9-1.pdf>
[169] [170]
Overfull \hbox (48.75pt too wide) in paragraph at lines 5904--5904
[]\TU/lmtt/m/n/10 ##                mean         sd        5.5%      94.5%    n
_eff     Rhat4[] 
 []


Overfull \hbox (48.75pt too wide) in paragraph at lines 5904--5904
[]\TU/lmtt/m/n/10 ## aW    -0.0005288119 0.03972125 -0.06551111 0.06268503 4420
.966 0.9998203[] 
 []


Overfull \hbox (48.75pt too wide) in paragraph at lines 5904--5904
[]\TU/lmtt/m/n/10 ## bEW    0.3969786620 0.04207471  0.32912801 0.46241297 4023
.615 0.9995759[] 
 []


Overfull \hbox (48.75pt too wide) in paragraph at lines 5904--5904
[]\TU/lmtt/m/n/10 ## sigma  0.9177689387 0.02926500  0.87166634 0.96589663 4274
.570 0.9998091[] 
 []


Overfull \hbox (43.5pt too wide) in paragraph at lines 5927--5927
[]\TU/lmtt/m/n/10 ##               mean         sd        5.5%       94.5%    n
_eff    Rhat4[] 
 []


Overfull \hbox (43.5pt too wide) in paragraph at lines 5927--5927
[]\TU/lmtt/m/n/10 ## aW     0.001225136 0.03729397 -0.05886653  0.05983202 3832
.831 1.001327[] 
 []


Overfull \hbox (43.5pt too wide) in paragraph at lines 5927--5927
[]\TU/lmtt/m/n/10 ## bEW    0.634945642 0.04612737  0.56244349  0.70667009 2673
.269 1.000318[] 
 []


Overfull \hbox (43.5pt too wide) in paragraph at lines 5927--5927
[]\TU/lmtt/m/n/10 ## bQW   -0.404044928 0.04540413 -0.47634060 -0.33201980 2716
.394 1.000414[] 
 []


Overfull \hbox (43.5pt too wide) in paragraph at lines 5927--5927
[]\TU/lmtt/m/n/10 ## sigma  0.857273180 0.02738017  0.81479490  0.90206280 3654
.169 1.000256[] 
 []

[171]
Overfull \hbox (64.5pt too wide) in paragraph at lines 5985--5985
[]\TU/lmtt/m/n/10 ##                   mean         sd        5.5%      94.5%  
  n_eff     Rhat4[] 
 []


Overfull \hbox (64.5pt too wide) in paragraph at lines 5985--5985
[]\TU/lmtt/m/n/10 ## aE        0.0010056517 0.03553324 -0.05496976 0.05860987 2
883.136 1.0003532[] 
 []


Overfull \hbox (64.5pt too wide) in paragraph at lines 5985--5985
[]\TU/lmtt/m/n/10 ## aW        0.0007991066 0.04487617 -0.07018863 0.07286133 2
687.905 1.0005700[] 
 []


Overfull \hbox (64.5pt too wide) in paragraph at lines 5985--5985
[]\TU/lmtt/m/n/10 ## bQE       0.5886988233 0.03526074  0.53321709 0.64673715 2
420.864 0.9997788[] 
 []


Overfull \hbox (64.5pt too wide) in paragraph at lines 5985--5985
[]\TU/lmtt/m/n/10 ## bEW      -0.0472580413 0.07614137 -0.16898210 0.07509664 2
065.612 1.0002730[] 
 []


Overfull \hbox (64.5pt too wide) in paragraph at lines 5985--5985
[]\TU/lmtt/m/n/10 ## Rho[1,1]  1.0000000000 0.00000000  1.00000000 1.00000000  
    NaN       NaN[] 
 []


Overfull \hbox (64.5pt too wide) in paragraph at lines 5985--5985
[]\TU/lmtt/m/n/10 ## Rho[1,2]  0.5395469192 0.05337246  0.45012197 0.62061797 2
051.787 0.9996464[] 
 []


Overfull \hbox (64.5pt too wide) in paragraph at lines 5985--5985
[]\TU/lmtt/m/n/10 ## Rho[2,1]  0.5395469192 0.05337246  0.45012197 0.62061797 2
051.787 0.9996464[] 
 []


Overfull \hbox (64.5pt too wide) in paragraph at lines 5985--5985
[]\TU/lmtt/m/n/10 ## Rho[2,2]  1.0000000000 0.00000000  1.00000000 1.00000000  
    NaN       NaN[] 
 []


Overfull \hbox (64.5pt too wide) in paragraph at lines 5985--5985
[]\TU/lmtt/m/n/10 ## Sigma[1]  1.0224607505 0.04648751  0.95180275 1.10091265 2
279.323 0.9996041[] 
 []


Overfull \hbox (64.5pt too wide) in paragraph at lines 5985--5985
[]\TU/lmtt/m/n/10 ## Sigma[2]  0.8086648767 0.02530651  0.77065219 0.85006606 3
275.550 0.9995571[] 
 []

[172] [173]
Overfull \hbox (38.25pt too wide) in paragraph at lines 6074--6074
[]\TU/lmtt/m/n/10 ##              mean         sd        5.5%      94.5%     n_
eff    Rhat4[] 
 []


Overfull \hbox (38.25pt too wide) in paragraph at lines 6074--6074
[]\TU/lmtt/m/n/10 ## k[1]  -0.16088405 0.31526404 -0.67045860 0.31894576  987.0
526 1.001144[] 
 []


Overfull \hbox (38.25pt too wide) in paragraph at lines 6074--6074
[]\TU/lmtt/m/n/10 ## k[2]  -0.01697647 0.30479761 -0.49987212 0.45799395  949.2
456 1.001370[] 
 []


Overfull \hbox (38.25pt too wide) in paragraph at lines 6074--6074
[]\TU/lmtt/m/n/10 ## k[3]  -0.06666622 0.29111097 -0.52920464 0.37975397  896.6
437 1.001253[] 
 []


Overfull \hbox (38.25pt too wide) in paragraph at lines 6074--6074
[]\TU/lmtt/m/n/10 ## k[4]   0.35446322 0.26996443 -0.03412487 0.78706341  904.3
119 1.001902[] 
 []


Overfull \hbox (38.25pt too wide) in paragraph at lines 6074--6074
[]\TU/lmtt/m/n/10 ## k[5]   0.07795147 0.26439746 -0.31677036 0.50827782  905.7
486 1.001346[] 
 []


Overfull \hbox (38.25pt too wide) in paragraph at lines 6074--6074
[]\TU/lmtt/m/n/10 ## k[6]  -0.38133184 0.28069063 -0.84888874 0.02314573 1057.9
603 1.000483[] 
 []


Overfull \hbox (38.25pt too wide) in paragraph at lines 6074--6074
[]\TU/lmtt/m/n/10 ## k[7]   0.14319340 0.26276852 -0.25247955 0.56156311  895.0
096 1.001791[] 
 []


Overfull \hbox (38.25pt too wide) in paragraph at lines 6074--6074
[]\TU/lmtt/m/n/10 ## k[8]  -0.21157799 0.27077059 -0.64582998 0.19112627  953.6
216 1.000780[] 
 []


Overfull \hbox (38.25pt too wide) in paragraph at lines 6074--6074
[]\TU/lmtt/m/n/10 ## k[9]   0.26370387 0.25213222 -0.11737149 0.66382836  983.8
960 1.001907[] 
 []


Overfull \hbox (38.25pt too wide) in paragraph at lines 6074--6074
[]\TU/lmtt/m/n/10 ## k[10] -0.16787512 0.35862526 -0.74310009 0.37899101 1451.0
006 1.002150[] 
 []


Overfull \hbox (38.25pt too wide) in paragraph at lines 6074--6074
[]\TU/lmtt/m/n/10 ## g      0.60664983 0.58415728  0.06663160 1.70592420 3032.0
289 1.001418[] 
 []


Overfull \hbox (38.25pt too wide) in paragraph at lines 6074--6074
[]\TU/lmtt/m/n/10 ## b      0.27839146 0.08925179  0.13740195 0.42366237 1866.9
741 1.001771[] 
 []


Overfull \hbox (38.25pt too wide) in paragraph at lines 6074--6074
[]\TU/lmtt/m/n/10 ## a      1.39347170 1.07005061  0.21890241 3.37432905 4253.9
771 1.000381[] 
 []


Overfull \hbox (38.25pt too wide) in paragraph at lines 6074--6074
[]\TU/lmtt/m/n/10 ## etasq  0.19929679 0.22148924  0.02698265 0.54926219 1645.4
633 1.001446[] 
 []


Overfull \hbox (38.25pt too wide) in paragraph at lines 6074--6074
[]\TU/lmtt/m/n/10 ## rhosq  1.34619796 1.70331345  0.07966262 4.68532515 3806.0
575 1.000336[] 
 []

File: 14-covariance_files/figure-latex/unnamed-chunk-20-1.pdf Graphic file (typ
e pdf)
<use 14-covariance_files/figure-latex/unnamed-chunk-20-1.pdf>

Underfull \vbox (badness 10000) has occurred while \output is active []

[174] [175] [176]
Chapter 15.
File: 15-missing_data_files/figure-latex/unnamed-chunk-2-1.pdf Graphic file (ty
pe pdf)
<use 15-missing_data_files/figure-latex/unnamed-chunk-2-1.pdf>

Underfull \vbox (badness 10000) has occurred while \output is active []

[177

]
File: 15-missing_data_files/figure-latex/unnamed-chunk-3-1.pdf Graphic file (ty
pe pdf)
<use 15-missing_data_files/figure-latex/unnamed-chunk-3-1.pdf>

Underfull \vbox (badness 10000) has occurred while \output is active []

[178]
Overfull \hbox (33.0pt too wide) in paragraph at lines 6161--6161
[]\TU/lmtt/m/n/10 ##              mean         sd       5.5%       94.5%    n_e
ff    Rhat4[] 
 []


Overfull \hbox (33.0pt too wide) in paragraph at lines 6161--6161
[]\TU/lmtt/m/n/10 ## a     -0.05177365 0.09420048 -0.1990557  0.09980758 2768.0
51 0.999540[] 
 []


Overfull \hbox (33.0pt too wide) in paragraph at lines 6161--6161
[]\TU/lmtt/m/n/10 ## bA    -0.61112914 0.16011141 -0.8703275 -0.35526900 2090.3
97 1.001288[] 
 []


Overfull \hbox (33.0pt too wide) in paragraph at lines 6161--6161
[]\TU/lmtt/m/n/10 ## bM     0.05950384 0.16531121 -0.2053998  0.31386528 1994.7
06 1.002141[] 
 []


Overfull \hbox (33.0pt too wide) in paragraph at lines 6161--6161
[]\TU/lmtt/m/n/10 ## sigma  0.58336106 0.10498017  0.4233734  0.76007407 1208.4
33 1.002050[] 
 []

[179]
File: 15-missing_data_files/figure-latex/unnamed-chunk-6-1.pdf Graphic file (ty
pe pdf)
<use 15-missing_data_files/figure-latex/unnamed-chunk-6-1.pdf>
[180]
File: 15-missing_data_files/figure-latex/unnamed-chunk-7-1.pdf Graphic file (ty
pe pdf)
<use 15-missing_data_files/figure-latex/unnamed-chunk-7-1.pdf>
File: 15-missing_data_files/figure-latex/unnamed-chunk-7-2.pdf Graphic file (ty
pe pdf)
<use 15-missing_data_files/figure-latex/unnamed-chunk-7-2.pdf>
File: 15-missing_data_files/figure-latex/unnamed-chunk-7-3.pdf Graphic file (ty
pe pdf)
<use 15-missing_data_files/figure-latex/unnamed-chunk-7-3.pdf>
File: 15-missing_data_files/figure-latex/unnamed-chunk-7-4.pdf Graphic file (ty
pe pdf)
<use 15-missing_data_files/figure-latex/unnamed-chunk-7-4.pdf>

Overfull \hbox (2.20981pt too wide) in paragraph at lines 6193--6194
[][] []
 []


Overfull \hbox (2.20981pt too wide) in paragraph at lines 6193--6194
[] [] 
 []

[181] [182] [183] [184

]
Chapter 16.
[185]
Overfull \hbox (22.5pt too wide) in paragraph at lines 6319--6319
[]\TU/lmtt/m/n/10 ##            mean          sd      5.5%      94.5%     n_eff
    Rhat4[] 
 []


Overfull \hbox (22.5pt too wide) in paragraph at lines 6319--6319
[]\TU/lmtt/m/n/10 ## p     0.2445827 0.053933252 0.1689543  0.3421992  974.3439
 1.001621[] 
 []


Overfull \hbox (22.5pt too wide) in paragraph at lines 6319--6319
[]\TU/lmtt/m/n/10 ## k     5.8143419 2.607328283 2.5765822 10.5986880 1040.3333
 1.000492[] 
 []


Overfull \hbox (22.5pt too wide) in paragraph at lines 6319--6319
[]\TU/lmtt/m/n/10 ## sigma 0.2067431 0.006217272 0.1971499  0.2172184 1296.4441
 1.000743[] 
 []

File: 16-generalized_files/figure-latex/unnamed-chunk-5-1.pdf Graphic file (typ
e pdf)
<use 16-generalized_files/figure-latex/unnamed-chunk-5-1.pdf>
[186] [187] [188]
Overfull \hbox (48.75pt too wide) in paragraph at lines 6490--6490
[]\TU/lmtt/m/n/10 ##                 real[] pop_init,          // initial state
 {lynx, hares}[] 
 []


Overfull \hbox (54.0pt too wide) in paragraph at lines 6490--6490
[]\TU/lmtt/m/n/10 ##   real times_measured[N-1];    // N-1 because first time i
s initial state[] 
 []

[189]
Overfull \hbox (43.5pt too wide) in paragraph at lines 6490--6490
[]\TU/lmtt/m/n/10 ##       pelts_pred[t,k] = lognormal_rng( log(pop[t,k]*p[k]) 
, sigma[k] );[] 
 []

File: 16-generalized_files/figure-latex/unnamed-chunk-10-1.pdf Graphic file (ty
pe pdf)
<use 16-generalized_files/figure-latex/unnamed-chunk-10-1.pdf>

Underfull \vbox (badness 10000) has occurred while \output is active []

[190]
No file _main.bbl.
[191] (./_main.aux)
Package rerunfilecheck Info: File `_main.out' has not changed.
(rerunfilecheck)             Checksum: D590A2A7D6972089460EB262AFEB4FDB;8667.
 ) 
Here is how much of TeX's memory you used:
 17666 strings out of 478922
 330842 string characters out of 5864876
 791594 words of memory out of 5000000
 37214 multiletter control sequences out of 15000+600000
 409929 words of font info for 86 fonts, out of 8000000 for 9000
 14 hyphenation exceptions out of 8191
 98i,16n,122p,2706b,467s stack positions out of 5000i,500n,10000p,200000b,80000s

Output written on _main.pdf (191 pages).
