\BOOKMARK [0][-]{chapter*.2}{\376\377\000P\000r\000e\000f\000a\000c\000e}{}% 1
\BOOKMARK [0][-]{chapter.1}{\376\377\000T\000h\000e\000\040\000G\000o\000l\000e\000m\000\040\000o\000f\000\040\000P\000r\000a\000g\000u\000e}{}% 2
\BOOKMARK [1][-]{section.1.1}{\376\377\000C\000h\000a\000p\000t\000e\000r\000\040\000N\000o\000t\000e\000s}{chapter.1}% 3
\BOOKMARK [1][-]{section.1.2}{\376\377\000Q\000u\000e\000s\000t\000i\000o\000n\000s}{chapter.1}% 4
\BOOKMARK [1][-]{section*.3}{\376\377\000F\000u\000r\000t\000h\000e\000r\000\040\000R\000e\000a\000d\000i\000n\000g}{chapter.1}% 5
\BOOKMARK [0][-]{chapter.2}{\376\377\000S\000m\000a\000l\000l\000\040\000W\000o\000r\000l\000d\000s\000\040\000a\000n\000d\000\040\000L\000a\000r\000g\000e\000\040\000W\000o\000r\000l\000d\000s}{}% 6
\BOOKMARK [1][-]{section.2.1}{\376\377\000C\000h\000a\000p\000t\000e\000r\000\040\000N\000o\000t\000e\000s}{chapter.2}% 7
\BOOKMARK [1][-]{section.2.2}{\376\377\000Q\000u\000e\000s\000t\000i\000o\000n\000s}{chapter.2}% 8
\BOOKMARK [1][-]{section*.49}{\376\377\000F\000u\000r\000t\000h\000e\000r\000\040\000R\000e\000a\000d\000i\000n\000g}{chapter.2}% 9
\BOOKMARK [0][-]{chapter.3}{\376\377\000S\000a\000m\000p\000l\000i\000n\000g\000\040\000t\000h\000e\000\040\000I\000m\000a\000g\000i\000n\000a\000r\000y}{}% 10
\BOOKMARK [1][-]{section.3.1}{\376\377\000C\000h\000a\000p\000t\000e\000r\000\040\000N\000o\000t\000e\000s}{chapter.3}% 11
\BOOKMARK [1][-]{section.3.2}{\376\377\000Q\000u\000e\000s\000t\000i\000o\000n\000s}{chapter.3}% 12
\BOOKMARK [1][-]{section*.104}{\376\377\000F\000u\000r\000t\000h\000e\000r\000\040\000R\000e\000a\000d\000i\000n\000g}{chapter.3}% 13
\BOOKMARK [0][-]{chapter.4}{\376\377\000G\000e\000o\000c\000e\000n\000t\000r\000i\000c\000\040\000M\000o\000d\000e\000l\000s}{}% 14
\BOOKMARK [1][-]{section.4.1}{\376\377\000C\000h\000a\000p\000t\000e\000r\000\040\000N\000o\000t\000e\000s}{chapter.4}% 15
\BOOKMARK [1][-]{section.4.2}{\376\377\000Q\000u\000e\000s\000t\000i\000o\000n\000s}{chapter.4}% 16
\BOOKMARK [1][-]{section*.140}{\376\377\000F\000u\000r\000t\000h\000e\000r\000\040\000R\000e\000a\000d\000i\000n\000g}{chapter.4}% 17
\BOOKMARK [0][-]{chapter.5}{\376\377\000T\000h\000e\000\040\000M\000a\000n\000y\000\040\000V\000a\000r\000i\000a\000b\000l\000e\000s\000\040\000\046\000\040\000T\000h\000e\000\040\000S\000p\000u\000r\000i\000o\000u\000s\000\040\000W\000a\000f\000f\000l\000e\000s}{}% 18
\BOOKMARK [1][-]{section.5.1}{\376\377\000C\000h\000a\000p\000t\000e\000r\000\040\000N\000o\000t\000e\000s}{chapter.5}% 19
\BOOKMARK [1][-]{section.5.2}{\376\377\000Q\000u\000e\000s\000t\000i\000o\000n\000s}{chapter.5}% 20
\BOOKMARK [1][-]{section*.153}{\376\377\000F\000u\000r\000t\000h\000e\000r\000\040\000R\000e\000a\000d\000i\000n\000g}{chapter.5}% 21
\BOOKMARK [0][-]{chapter.6}{\376\377\000T\000h\000e\000\040\000H\000a\000u\000n\000t\000e\000d\000\040\000D\000A\000G\000\040\000\046\000\040\000T\000h\000e\000\040\000C\000a\000u\000s\000a\000l\000\040\000T\000e\000r\000r\000o\000r}{}% 22
\BOOKMARK [1][-]{section.6.1}{\376\377\000C\000h\000a\000p\000t\000e\000r\000\040\000N\000o\000t\000e\000s}{chapter.6}% 23
\BOOKMARK [1][-]{section.6.2}{\376\377\000Q\000u\000e\000s\000t\000i\000o\000n\000s}{chapter.6}% 24
\BOOKMARK [1][-]{section*.190}{\376\377\000F\000u\000r\000t\000h\000e\000r\000\040\000R\000e\000a\000d\000i\000n\000g}{chapter.6}% 25
\BOOKMARK [0][-]{chapter.7}{\376\377\000U\000l\000y\000s\000s\000e\000s\000'\000\040\000C\000o\000m\000p\000a\000s\000s}{}% 26
\BOOKMARK [1][-]{section.7.1}{\376\377\000C\000h\000a\000p\000t\000e\000r\000\040\000N\000o\000t\000e\000s}{chapter.7}% 27
\BOOKMARK [1][-]{section.7.2}{\376\377\000Q\000u\000e\000s\000t\000i\000o\000n\000s}{chapter.7}% 28
\BOOKMARK [1][-]{section*.240}{\376\377\000F\000u\000r\000t\000h\000e\000r\000\040\000R\000e\000a\000d\000i\000n\000g}{chapter.7}% 29
\BOOKMARK [0][-]{chapter.8}{\376\377\000C\000o\000n\000d\000i\000t\000i\000o\000n\000a\000l\000\040\000M\000a\000n\000a\000t\000e\000e\000s}{}% 30
\BOOKMARK [1][-]{section.8.1}{\376\377\000C\000h\000a\000p\000t\000e\000r\000\040\000N\000o\000t\000e\000s}{chapter.8}% 31
\BOOKMARK [1][-]{section.8.2}{\376\377\000Q\000u\000e\000s\000t\000i\000o\000n\000s}{chapter.8}% 32
\BOOKMARK [0][-]{chapter.9}{\376\377\000M\000a\000r\000k\000o\000v\000\040\000C\000h\000a\000i\000n\000\040\000M\000o\000n\000t\000e\000\040\000C\000a\000r\000l\000o}{}% 33
\BOOKMARK [1][-]{section.9.1}{\376\377\000C\000h\000a\000p\000t\000e\000r\000\040\000N\000o\000t\000e\000s}{chapter.9}% 34
